19:33:07,114 INFO  [Server] Starting JBoss (MX MicroKernel)...
19:33:07,115 INFO  [Server] Release ID: JBoss [Trinity] 4.2.2.GA (build: SVNTag=JBoss_4_2_2_GA date=200710221139)
19:33:07,115 DEBUG [Server] Using config: org.jboss.system.server.ServerConfigImpl@c541476
19:33:07,115 DEBUG [Server] Server type: class org.jboss.system.server.ServerImpl
19:33:07,115 DEBUG [Server] Server loaded through: org.jboss.system.server.NoAnnotationURLClassLoader
19:33:07,115 DEBUG [Server] Boot URLs:
19:33:07,115 DEBUG [Server]   file:/F:/eclipse_workspace_4.4/ejb21-jboss422-snippets/ejb21-jboss422-snippets-client/server/jboss-4.2.2.GA/lib/endorsed/serializer.jar
19:33:07,115 DEBUG [Server]   file:/F:/eclipse_workspace_4.4/ejb21-jboss422-snippets/ejb21-jboss422-snippets-client/server/jboss-4.2.2.GA/lib/endorsed/xalan.jar
19:33:07,115 DEBUG [Server]   file:/F:/eclipse_workspace_4.4/ejb21-jboss422-snippets/ejb21-jboss422-snippets-client/server/jboss-4.2.2.GA/lib/endorsed/xercesImpl.jar
19:33:07,115 DEBUG [Server]   file:/F:/eclipse_workspace_4.4/ejb21-jboss422-snippets/ejb21-jboss422-snippets-client/server/jboss-4.2.2.GA/lib/jboss-jmx.jar
19:33:07,115 DEBUG [Server]   file:/F:/eclipse_workspace_4.4/ejb21-jboss422-snippets/ejb21-jboss422-snippets-client/server/jboss-4.2.2.GA/lib/concurrent.jar
19:33:07,115 DEBUG [Server]   file:/F:/eclipse_workspace_4.4/ejb21-jboss422-snippets/ejb21-jboss422-snippets-client/server/jboss-4.2.2.GA/lib/log4j-boot.jar
19:33:07,115 DEBUG [Server]   file:/F:/eclipse_workspace_4.4/ejb21-jboss422-snippets/ejb21-jboss422-snippets-client/server/jboss-4.2.2.GA/lib/jboss-common.jar
19:33:07,116 DEBUG [Server]   file:/F:/eclipse_workspace_4.4/ejb21-jboss422-snippets/ejb21-jboss422-snippets-client/server/jboss-4.2.2.GA/lib/jboss-system.jar
19:33:07,116 DEBUG [Server]   file:/F:/eclipse_workspace_4.4/ejb21-jboss422-snippets/ejb21-jboss422-snippets-client/server/jboss-4.2.2.GA/lib/jboss-xml-binding.jar
19:33:07,116 INFO  [Server] Home Dir: F:\eclipse_workspace_4.4\ejb21-jboss422-snippets\ejb21-jboss422-snippets-client\server\jboss-4.2.2.GA
19:33:07,116 INFO  [Server] Home URL: file:/F:/eclipse_workspace_4.4/ejb21-jboss422-snippets/ejb21-jboss422-snippets-client/server/jboss-4.2.2.GA/
19:33:07,116 DEBUG [Server] Library URL: file:/F:/eclipse_workspace_4.4/ejb21-jboss422-snippets/ejb21-jboss422-snippets-client/server/jboss-4.2.2.GA/lib/
19:33:07,116 INFO  [Server] Patch URL: null
19:33:07,116 INFO  [Server] Server Name: default
19:33:07,116 INFO  [Server] Server Home Dir: F:\eclipse_workspace_4.4\ejb21-jboss422-snippets\ejb21-jboss422-snippets-client\server\jboss-4.2.2.GA\server\default
19:33:07,116 INFO  [Server] Server Home URL: file:/F:/eclipse_workspace_4.4/ejb21-jboss422-snippets/ejb21-jboss422-snippets-client/server/jboss-4.2.2.GA/server/default/
19:33:07,116 INFO  [Server] Server Log Dir: F:\eclipse_workspace_4.4\ejb21-jboss422-snippets\ejb21-jboss422-snippets-client\server\jboss-4.2.2.GA\server\default\log
19:33:07,116 DEBUG [Server] Server Data Dir: F:\eclipse_workspace_4.4\ejb21-jboss422-snippets\ejb21-jboss422-snippets-client\server\jboss-4.2.2.GA\server\default\data
19:33:07,116 INFO  [Server] Server Temp Dir: F:\eclipse_workspace_4.4\ejb21-jboss422-snippets\ejb21-jboss422-snippets-client\server\jboss-4.2.2.GA\server\default\tmp
19:33:07,117 DEBUG [Server] Server Config URL: file:/F:/eclipse_workspace_4.4/ejb21-jboss422-snippets/ejb21-jboss422-snippets-client/server/jboss-4.2.2.GA/server/default/conf/
19:33:07,117 DEBUG [Server] Server Library URL: file:/F:/eclipse_workspace_4.4/ejb21-jboss422-snippets/ejb21-jboss422-snippets-client/server/jboss-4.2.2.GA/server/default/lib/
19:33:07,117 INFO  [Server] Root Deployment Filename: jboss-service.xml
19:33:07,118 DEBUG [Server] Starting General Purpose Architecture (GPA)...
19:33:07,185 DEBUG [Server] Created MBeanServer: org.jboss.mx.server.MBeanServerImpl@2d56ab95[ defaultDomain='jboss' ]
19:33:07,195 DEBUG [Server] Boot url list: [file:/F:/eclipse_workspace_4.4/ejb21-jboss422-snippets/ejb21-jboss422-snippets-client/server/jboss-4.2.2.GA/server/default/conf/]
19:33:07,195 DEBUG [Server] Creating loader for URL: file:/F:/eclipse_workspace_4.4/ejb21-jboss422-snippets/ejb21-jboss422-snippets-client/server/jboss-4.2.2.GA/server/default/conf/
19:33:07,197 DEBUG [RepositoryClassLoader] setRepository, repository=org.jboss.mx.loading.UnifiedLoaderRepository3@47ff1366, cl=org.jboss.mx.loading.UnifiedClassLoader3@5de3d5e6{ url=file:/F:/eclipse_workspace_4.4/ejb21-jboss422-snippets/ejb21-jboss422-snippets-client/server/jboss-4.2.2.GA/server/default/conf/ ,addedOrder=0}
19:33:07,197 DEBUG [RepositoryClassLoader] setRepository, repository=org.jboss.mx.loading.UnifiedLoaderRepository3@47ff1366, cl=org.jboss.mx.loading.UnifiedClassLoader3@5de3d5e6{ url=file:/F:/eclipse_workspace_4.4/ejb21-jboss422-snippets/ejb21-jboss422-snippets-client/server/jboss-4.2.2.GA/server/default/conf/ ,addedOrder=0}
19:33:07,197 DEBUG [UnifiedLoaderRepository3] Adding org.jboss.mx.loading.UnifiedClassLoader3@5de3d5e6{ url=file:/F:/eclipse_workspace_4.4/ejb21-jboss422-snippets/ejb21-jboss422-snippets-client/server/jboss-4.2.2.GA/server/default/conf/ ,addedOrder=0}
19:33:07,243 DEBUG [Server] Failed to create xmbean for: org.jboss.system.server.ServerInfo
19:33:07,245 INFO  [ServerInfo] Java version: 1.8.0_45,Oracle Corporation
19:33:07,246 INFO  [ServerInfo] Java VM: Java HotSpot(TM) 64-Bit Server VM 25.45-b02,Oracle Corporation
19:33:07,246 INFO  [ServerInfo] OS-System: Windows 7 6.1,amd64
19:33:07,246 DEBUG [ServerInfo] Full System Properties Dump
19:33:07,246 DEBUG [ServerInfo]     java.vendor: Oracle Corporation
19:33:07,246 DEBUG [ServerInfo]     sun.java.launcher: SUN_STANDARD
19:33:07,246 DEBUG [ServerInfo]     sun.management.compiler: HotSpot 64-Bit Tiered Compilers
19:33:07,246 DEBUG [ServerInfo]     os.name: Windows 7
19:33:07,246 DEBUG [ServerInfo]     sun.boot.class.path: F:\eclipse_workspace_4.4\ejb21-jboss422-snippets\ejb21-jboss422-snippets-client\server\jboss-4.2.2.GA\lib\endorsed\serializer.jar;F:\eclipse_workspace_4.4\ejb21-jboss422-snippets\ejb21-jboss422-snippets-client\server\jboss-4.2.2.GA\lib\endorsed\xalan.jar;F:\eclipse_workspace_4.4\ejb21-jboss422-snippets\ejb21-jboss422-snippets-client\server\jboss-4.2.2.GA\lib\endorsed\xercesImpl.jar;C:\jdk\jdk1.8.0_45\jre\lib\resources.jar;C:\jdk\jdk1.8.0_45\jre\lib\rt.jar;C:\jdk\jdk1.8.0_45\jre\lib\sunrsasign.jar;C:\jdk\jdk1.8.0_45\jre\lib\jsse.jar;C:\jdk\jdk1.8.0_45\jre\lib\jce.jar;C:\jdk\jdk1.8.0_45\jre\lib\charsets.jar;C:\jdk\jdk1.8.0_45\jre\lib\jfr.jar;C:\jdk\jdk1.8.0_45\jre\classes
19:33:07,246 DEBUG [ServerInfo]     sun.desktop: windows
19:33:07,246 DEBUG [ServerInfo]     java.vm.specification.vendor: Oracle Corporation
19:33:07,246 DEBUG [ServerInfo]     java.runtime.version: 1.8.0_45-b14
19:33:07,246 DEBUG [ServerInfo]     user.name: cyrus
19:33:07,246 DEBUG [ServerInfo]     jboss.bind.address: 127.0.0.1
19:33:07,246 DEBUG [ServerInfo]     jboss.home.dir: F:\eclipse_workspace_4.4\ejb21-jboss422-snippets\ejb21-jboss422-snippets-client\server\jboss-4.2.2.GA
19:33:07,246 DEBUG [ServerInfo]     user.language: en
19:33:07,246 DEBUG [ServerInfo]     sun.boot.library.path: C:\jdk\jdk1.8.0_45\jre\bin
19:33:07,246 DEBUG [ServerInfo]     jboss.home.url: file:/F:/eclipse_workspace_4.4/ejb21-jboss422-snippets/ejb21-jboss422-snippets-client/server/jboss-4.2.2.GA/
19:33:07,246 DEBUG [ServerInfo]     java.version: 1.8.0_45
19:33:07,246 DEBUG [ServerInfo]     user.timezone: Asia/Shanghai
19:33:07,246 DEBUG [ServerInfo]     jboss.server.home.dir: F:\eclipse_workspace_4.4\ejb21-jboss422-snippets\ejb21-jboss422-snippets-client\server\jboss-4.2.2.GA\server\default
19:33:07,246 DEBUG [ServerInfo]     sun.arch.data.model: 64
19:33:07,246 DEBUG [ServerInfo]     java.endorsed.dirs: F:\eclipse_workspace_4.4\ejb21-jboss422-snippets\ejb21-jboss422-snippets-client\server\jboss-4.2.2.GA\lib\endorsed
19:33:07,246 DEBUG [ServerInfo]     jboss.server.home.url: file:/F:/eclipse_workspace_4.4/ejb21-jboss422-snippets/ejb21-jboss422-snippets-client/server/jboss-4.2.2.GA/server/default/
19:33:07,246 DEBUG [ServerInfo]     sun.cpu.isalist: amd64
19:33:07,247 DEBUG [ServerInfo]     sun.jnu.encoding: Cp1252
19:33:07,247 DEBUG [ServerInfo]     file.encoding.pkg: sun.io
19:33:07,247 DEBUG [ServerInfo]     file.separator: \
19:33:07,247 DEBUG [ServerInfo]     java.specification.name: Java Platform API Specification
19:33:07,247 DEBUG [ServerInfo]     java.class.version: 52.0
19:33:07,247 DEBUG [ServerInfo]     jboss.server.config.url: file:/F:/eclipse_workspace_4.4/ejb21-jboss422-snippets/ejb21-jboss422-snippets-client/server/jboss-4.2.2.GA/server/default/conf/
19:33:07,247 DEBUG [ServerInfo]     user.country: US
19:33:07,247 DEBUG [ServerInfo]     java.home: C:\jdk\jdk1.8.0_45\jre
19:33:07,247 DEBUG [ServerInfo]     java.vm.info: mixed mode
19:33:07,247 DEBUG [ServerInfo]     jboss.lib.url: file:/F:/eclipse_workspace_4.4/ejb21-jboss422-snippets/ejb21-jboss422-snippets-client/server/jboss-4.2.2.GA/lib/
19:33:07,247 DEBUG [ServerInfo]     os.version: 6.1
19:33:07,247 DEBUG [ServerInfo]     path.separator: ;
19:33:07,247 DEBUG [ServerInfo]     java.vm.version: 25.45-b02
19:33:07,247 DEBUG [ServerInfo]     user.variant: 
19:33:07,247 DEBUG [ServerInfo]     java.protocol.handler.pkgs: org.jboss.net.protocol
19:33:07,247 DEBUG [ServerInfo]     java.awt.printerjob: sun.awt.windows.WPrinterJob
19:33:07,247 DEBUG [ServerInfo]     sun.io.unicode.encoding: UnicodeLittle
19:33:07,247 DEBUG [ServerInfo]     awt.toolkit: sun.awt.windows.WToolkit
19:33:07,247 DEBUG [ServerInfo]     user.script: 
19:33:07,247 DEBUG [ServerInfo]     jboss.server.temp.dir: F:\eclipse_workspace_4.4\ejb21-jboss422-snippets\ejb21-jboss422-snippets-client\server\jboss-4.2.2.GA\server\default\tmp
19:33:07,247 DEBUG [ServerInfo]     sun.rmi.dgc.client.gcInterval: 3600000
19:33:07,247 DEBUG [ServerInfo]     user.home: C:\Users\cyrus
19:33:07,247 DEBUG [ServerInfo]     java.specification.vendor: Oracle Corporation
19:33:07,247 DEBUG [ServerInfo]     java.library.path: C:\jdk\jdk1.8.0_45\bin;C:\Windows\Sun\Java\bin;C:\Windows\system32;C:\Windows;C:\ProgramData\Oracle\Java\javapath;C:\Windows\system32;C:\Windows;C:\Windows\System32\Wbem;C:\Windows\System32\WindowsPowerShell\v1.0\;C:\Program Files\Intel\DMIX;C:\maven\apache-maven-3.2.5\bin;C:\Windows\System32\Windows System Resource Manager\bin;;C:\Windows\idmu\common;.
19:33:07,247 DEBUG [ServerInfo]     java.vendor.url: http://java.oracle.com/
19:33:07,247 DEBUG [ServerInfo]     program.name: run.bat
19:33:07,247 DEBUG [ServerInfo]     java.vm.vendor: Oracle Corporation
19:33:07,247 DEBUG [ServerInfo]     sun.rmi.dgc.server.gcInterval: 3600000
19:33:07,247 DEBUG [ServerInfo]     java.runtime.name: Java(TM) SE Runtime Environment
19:33:07,247 DEBUG [ServerInfo]     sun.java.command: org.jboss.Main
19:33:07,247 DEBUG [ServerInfo]     java.class.path: C:\jdk\jdk1.8.0_45\lib\tools.jar;F:\eclipse_workspace_4.4\ejb21-jboss422-snippets\ejb21-jboss422-snippets-client\server\jboss-4.2.2.GA\bin\run.jar
19:33:07,247 DEBUG [ServerInfo]     jboss.server.log.dir: F:\eclipse_workspace_4.4\ejb21-jboss422-snippets\ejb21-jboss422-snippets-client\server\jboss-4.2.2.GA\server\default\log
19:33:07,247 DEBUG [ServerInfo]     jbossmx.loader.repository.class: org.jboss.mx.loading.UnifiedLoaderRepository3
19:33:07,247 DEBUG [ServerInfo]     java.vm.specification.name: Java Virtual Machine Specification
19:33:07,247 DEBUG [ServerInfo]     java.vm.specification.version: 1.8
19:33:07,247 DEBUG [ServerInfo]     sun.cpu.endian: little
19:33:07,247 DEBUG [ServerInfo]     sun.os.patch.level: Service Pack 1
19:33:07,248 DEBUG [ServerInfo]     jboss.server.lib.url: file:/F:/eclipse_workspace_4.4/ejb21-jboss422-snippets/ejb21-jboss422-snippets-client/server/jboss-4.2.2.GA/server/default/lib/
19:33:07,248 DEBUG [ServerInfo]     java.io.tmpdir: C:\Users\cyrus\AppData\Local\Temp\
19:33:07,248 DEBUG [ServerInfo]     java.vendor.url.bug: http://bugreport.sun.com/bugreport/
19:33:07,248 DEBUG [ServerInfo]     jboss.server.data.dir: F:\eclipse_workspace_4.4\ejb21-jboss422-snippets\ejb21-jboss422-snippets-client\server\jboss-4.2.2.GA\server\default\data
19:33:07,248 DEBUG [ServerInfo]     java.rmi.server.hostname: 127.0.0.1
19:33:07,248 DEBUG [ServerInfo]     os.arch: amd64
19:33:07,248 DEBUG [ServerInfo]     java.awt.graphicsenv: sun.awt.Win32GraphicsEnvironment
19:33:07,248 DEBUG [ServerInfo]     java.ext.dirs: C:\jdk\jdk1.8.0_45\jre\lib\ext;C:\Windows\Sun\Java\lib\ext
19:33:07,248 DEBUG [ServerInfo]     user.dir: F:\eclipse_workspace_4.4\ejb21-jboss422-snippets\ejb21-jboss422-snippets-client\server\jboss-4.2.2.GA\bin
19:33:07,248 DEBUG [ServerInfo]     line.separator: 

19:33:07,248 DEBUG [ServerInfo]     java.vm.name: Java HotSpot(TM) 64-Bit Server VM
19:33:07,248 DEBUG [ServerInfo]     jboss.server.base.dir: F:\eclipse_workspace_4.4\ejb21-jboss422-snippets\ejb21-jboss422-snippets-client\server\jboss-4.2.2.GA\server
19:33:07,248 DEBUG [ServerInfo]     jboss.server.base.url: file:/F:/eclipse_workspace_4.4/ejb21-jboss422-snippets/ejb21-jboss422-snippets-client/server/jboss-4.2.2.GA/server/
19:33:07,248 DEBUG [ServerInfo]     javax.management.builder.initial: org.jboss.mx.server.MBeanServerBuilderImpl
19:33:07,248 DEBUG [ServerInfo]     file.encoding: Cp1252
19:33:07,248 DEBUG [ServerInfo]     java.specification.version: 1.8
19:33:07,248 DEBUG [ServerInfo]     jboss.server.name: default
19:33:07,251 DEBUG [Server] Created system MBean: jboss.system:type=ServerInfo
19:33:07,254 DEBUG [Server] Failed to create xmbean for: org.jboss.system.ServiceController
19:33:07,263 DEBUG [ServiceController] Controller MBean online
19:33:07,263 DEBUG [Server] Created system MBean: jboss.system:service=ServiceController
19:33:07,318 DEBUG [Server] Created system XMBean: jboss.system:service=MainDeployer
19:33:07,318 DEBUG [ServiceController] Creating service jboss.system:service=MainDeployer
19:33:07,323 DEBUG [MainDeployer] Creating jboss.system:service=MainDeployer
19:33:07,335 DEBUG [Files] Failed to delete file: F:\eclipse_workspace_4.4\ejb21-jboss422-snippets\ejb21-jboss422-snippets-client\server\jboss-4.2.2.GA\server\default\tmp\deploy\tmp1638561462856000394jsf-impl.jar
19:33:07,335 DEBUG [Files] Failed to delete file: F:\eclipse_workspace_4.4\ejb21-jboss422-snippets\ejb21-jboss422-snippets-client\server\jboss-4.2.2.GA\server\default\tmp\deploy\tmp1953503403331411322jfreechart.jar
19:33:07,336 DEBUG [Files] Failed to delete file: F:\eclipse_workspace_4.4\ejb21-jboss422-snippets\ejb21-jboss422-snippets-client\server\jboss-4.2.2.GA\server\default\tmp\deploy\tmp2058894423211182790jboss-bean-deployer.jar
19:33:07,336 DEBUG [Files] Failed to delete file: F:\eclipse_workspace_4.4\ejb21-jboss422-snippets\ejb21-jboss422-snippets-client\server\jboss-4.2.2.GA\server\default\tmp\deploy\tmp2357636884462132681jms-ra.rar
19:33:07,336 DEBUG [Files] Failed to delete file: F:\eclipse_workspace_4.4\ejb21-jboss422-snippets\ejb21-jboss422-snippets-client\server\jboss-4.2.2.GA\server\default\tmp\deploy\tmp2357636884462132681jms-ra.rar-contents\jms-ra.jar
19:33:07,337 DEBUG [Files] Failed to delete dir: F:\eclipse_workspace_4.4\ejb21-jboss422-snippets\ejb21-jboss422-snippets-client\server\jboss-4.2.2.GA\server\default\tmp\deploy\tmp2357636884462132681jms-ra.rar-contents
19:33:07,338 DEBUG [Files] Failed to delete dir: F:\eclipse_workspace_4.4\ejb21-jboss422-snippets\ejb21-jboss422-snippets-client\server\jboss-4.2.2.GA\server\default\tmp\deploy\tmp2357636884462132681jms-ra.rar-contents
19:33:07,338 DEBUG [Files] Failed to delete file: F:\eclipse_workspace_4.4\ejb21-jboss422-snippets\ejb21-jboss422-snippets-client\server\jboss-4.2.2.GA\server\default\tmp\deploy\tmp254972251428532885jbossweb.jar
19:33:07,339 DEBUG [Files] Failed to delete file: F:\eclipse_workspace_4.4\ejb21-jboss422-snippets\ejb21-jboss422-snippets-client\server\jboss-4.2.2.GA\server\default\tmp\deploy\tmp3374967810494091533jboss-aspect-library-jdk50.jar
19:33:07,339 DEBUG [Files] Failed to delete file: F:\eclipse_workspace_4.4\ejb21-jboss422-snippets\ejb21-jboss422-snippets-client\server\jboss-4.2.2.GA\server\default\tmp\deploy\tmp3408092841902408984jboss-faces.jar
19:33:07,339 DEBUG [Files] Failed to delete file: F:\eclipse_workspace_4.4\ejb21-jboss422-snippets\ejb21-jboss422-snippets-client\server\jboss-4.2.2.GA\server\default\tmp\deploy\tmp3509719137082483166quartz-ra.rar
19:33:07,339 DEBUG [Files] Failed to delete file: F:\eclipse_workspace_4.4\ejb21-jboss422-snippets\ejb21-jboss422-snippets-client\server\jboss-4.2.2.GA\server\default\tmp\deploy\tmp3509719137082483166quartz-ra.rar-contents\quartz-ra.jar
19:33:07,339 DEBUG [Files] Failed to delete dir: F:\eclipse_workspace_4.4\ejb21-jboss422-snippets\ejb21-jboss422-snippets-client\server\jboss-4.2.2.GA\server\default\tmp\deploy\tmp3509719137082483166quartz-ra.rar-contents
19:33:07,339 DEBUG [Files] Failed to delete dir: F:\eclipse_workspace_4.4\ejb21-jboss422-snippets\ejb21-jboss422-snippets-client\server\jboss-4.2.2.GA\server\default\tmp\deploy\tmp3509719137082483166quartz-ra.rar-contents
19:33:07,339 DEBUG [Files] Failed to delete file: F:\eclipse_workspace_4.4\ejb21-jboss422-snippets\ejb21-jboss422-snippets-client\server\jboss-4.2.2.GA\server\default\tmp\deploy\tmp3955405442595780090jboss-local-jdbc.rar
19:33:07,340 DEBUG [Files] Failed to delete file: F:\eclipse_workspace_4.4\ejb21-jboss422-snippets\ejb21-jboss422-snippets-client\server\jboss-4.2.2.GA\server\default\tmp\deploy\tmp3955405442595780090jboss-local-jdbc.rar-contents\jboss-local-jdbc.jar
19:33:07,340 DEBUG [Files] Failed to delete dir: F:\eclipse_workspace_4.4\ejb21-jboss422-snippets\ejb21-jboss422-snippets-client\server\jboss-4.2.2.GA\server\default\tmp\deploy\tmp3955405442595780090jboss-local-jdbc.rar-contents
19:33:07,340 DEBUG [Files] Failed to delete dir: F:\eclipse_workspace_4.4\ejb21-jboss422-snippets\ejb21-jboss422-snippets-client\server\jboss-4.2.2.GA\server\default\tmp\deploy\tmp3955405442595780090jboss-local-jdbc.rar-contents
19:33:07,341 DEBUG [Files] Failed to delete file: F:\eclipse_workspace_4.4\ejb21-jboss422-snippets\ejb21-jboss422-snippets-client\server\jboss-4.2.2.GA\server\default\tmp\deploy\tmp4210312316757305907jbossws-native.jar
19:33:07,341 DEBUG [Files] Failed to delete file: F:\eclipse_workspace_4.4\ejb21-jboss422-snippets\ejb21-jboss422-snippets-client\server\jboss-4.2.2.GA\server\default\tmp\deploy\tmp4874608304074367430jboss-jaxws.jar
19:33:07,341 DEBUG [Files] Failed to delete file: F:\eclipse_workspace_4.4\ejb21-jboss422-snippets\ejb21-jboss422-snippets-client\server\jboss-4.2.2.GA\server\default\tmp\deploy\tmp5372896851475465085jboss-saaj.jar
19:33:07,341 DEBUG [Files] Failed to delete file: F:\eclipse_workspace_4.4\ejb21-jboss422-snippets\ejb21-jboss422-snippets-client\server\jboss-4.2.2.GA\server\default\tmp\deploy\tmp545255313814198779policy.jar
19:33:07,342 DEBUG [Files] Failed to delete file: F:\eclipse_workspace_4.4\ejb21-jboss422-snippets\ejb21-jboss422-snippets-client\server\jboss-4.2.2.GA\server\default\tmp\deploy\tmp5560007341179514689wsdl4j.jar
19:33:07,342 DEBUG [Files] Failed to delete file: F:\eclipse_workspace_4.4\ejb21-jboss422-snippets\ejb21-jboss422-snippets-client\server\jboss-4.2.2.GA\server\default\tmp\deploy\tmp5578215600026001099jboss-dependency.jar
19:33:07,342 DEBUG [Files] Failed to delete file: F:\eclipse_workspace_4.4\ejb21-jboss422-snippets\ejb21-jboss422-snippets-client\server\jboss-4.2.2.GA\server\default\tmp\deploy\tmp5743512617168449038jboss-aop-jdk50.jar
19:33:07,343 DEBUG [Files] Failed to delete file: F:\eclipse_workspace_4.4\ejb21-jboss422-snippets\ejb21-jboss422-snippets-client\server\jboss-4.2.2.GA\server\default\tmp\deploy\tmp6180795813049334730jasper-jdt.jar
19:33:07,343 DEBUG [Files] Failed to delete file: F:\eclipse_workspace_4.4\ejb21-jboss422-snippets\ejb21-jboss422-snippets-client\server\jboss-4.2.2.GA\server\default\tmp\deploy\tmp6267668085359998082jbossweb-extras.jar
19:33:07,343 DEBUG [Files] Failed to delete file: F:\eclipse_workspace_4.4\ejb21-jboss422-snippets\ejb21-jboss422-snippets-client\server\jboss-4.2.2.GA\server\default\tmp\deploy\tmp6306031384980510055console-mgr-classes.jar
19:33:07,343 DEBUG [Files] Failed to delete file: F:\eclipse_workspace_4.4\ejb21-jboss422-snippets\ejb21-jboss422-snippets-client\server\jboss-4.2.2.GA\server\default\tmp\deploy\tmp634622697349860407xmlsec.jar
19:33:07,343 DEBUG [Files] Failed to delete file: F:\eclipse_workspace_4.4\ejb21-jboss422-snippets\ejb21-jboss422-snippets-client\server\jboss-4.2.2.GA\server\default\tmp\deploy\tmp6418073095076470852wstx.jar
19:33:07,343 DEBUG [Files] Failed to delete file: F:\eclipse_workspace_4.4\ejb21-jboss422-snippets\ejb21-jboss422-snippets-client\server\jboss-4.2.2.GA\server\default\tmp\deploy\tmp6527068342946260207jcommon.jar
19:33:07,343 DEBUG [Files] Failed to delete file: F:\eclipse_workspace_4.4\ejb21-jboss422-snippets\ejb21-jboss422-snippets-client\server\jboss-4.2.2.GA\server\default\tmp\deploy\tmp6530681597784717944jboss-ha-local-jdbc.rar
19:33:07,343 DEBUG [Files] Failed to delete file: F:\eclipse_workspace_4.4\ejb21-jboss422-snippets\ejb21-jboss422-snippets-client\server\jboss-4.2.2.GA\server\default\tmp\deploy\tmp6530681597784717944jboss-ha-local-jdbc.rar-contents\jboss-ha-local-jdbc.jar
19:33:07,343 DEBUG [Files] Failed to delete dir: F:\eclipse_workspace_4.4\ejb21-jboss422-snippets\ejb21-jboss422-snippets-client\server\jboss-4.2.2.GA\server\default\tmp\deploy\tmp6530681597784717944jboss-ha-local-jdbc.rar-contents
19:33:07,344 DEBUG [Files] Failed to delete dir: F:\eclipse_workspace_4.4\ejb21-jboss422-snippets\ejb21-jboss422-snippets-client\server\jboss-4.2.2.GA\server\default\tmp\deploy\tmp6530681597784717944jboss-ha-local-jdbc.rar-contents
19:33:07,344 DEBUG [Files] Failed to delete file: F:\eclipse_workspace_4.4\ejb21-jboss422-snippets\ejb21-jboss422-snippets-client\server\jboss-4.2.2.GA\server\default\tmp\deploy\tmp6562540472429361370jstl.jar
19:33:07,344 DEBUG [Files] Failed to delete file: F:\eclipse_workspace_4.4\ejb21-jboss422-snippets\ejb21-jboss422-snippets-client\server\jboss-4.2.2.GA\server\default\tmp\deploy\tmp6589648554151901184jbossweb-service.jar
19:33:07,345 DEBUG [Files] Failed to delete file: F:\eclipse_workspace_4.4\ejb21-jboss422-snippets\ejb21-jboss422-snippets-client\server\jboss-4.2.2.GA\server\default\tmp\deploy\tmp7416744235776094690jboss-ejb3.jar
19:33:07,345 DEBUG [Files] Failed to delete file: F:\eclipse_workspace_4.4\ejb21-jboss422-snippets\ejb21-jboss422-snippets-client\server\jboss-4.2.2.GA\server\default\tmp\deploy\tmp7489197119218351179jaxb-impl.jar
19:33:07,345 DEBUG [Files] Failed to delete file: F:\eclipse_workspace_4.4\ejb21-jboss422-snippets\ejb21-jboss422-snippets-client\server\jboss-4.2.2.GA\server\default\tmp\deploy\tmp7507145188181416473mail-ra.rar
19:33:07,345 DEBUG [Files] Failed to delete file: F:\eclipse_workspace_4.4\ejb21-jboss422-snippets\ejb21-jboss422-snippets-client\server\jboss-4.2.2.GA\server\default\tmp\deploy\tmp7507145188181416473mail-ra.rar-contents\mail-ra.jar
19:33:07,345 DEBUG [Files] Failed to delete dir: F:\eclipse_workspace_4.4\ejb21-jboss422-snippets\ejb21-jboss422-snippets-client\server\jboss-4.2.2.GA\server\default\tmp\deploy\tmp7507145188181416473mail-ra.rar-contents
19:33:07,345 DEBUG [Files] Failed to delete dir: F:\eclipse_workspace_4.4\ejb21-jboss422-snippets\ejb21-jboss422-snippets-client\server\jboss-4.2.2.GA\server\default\tmp\deploy\tmp7507145188181416473mail-ra.rar-contents
19:33:07,346 DEBUG [Files] Failed to delete file: F:\eclipse_workspace_4.4\ejb21-jboss422-snippets\ejb21-jboss422-snippets-client\server\jboss-4.2.2.GA\server\default\tmp\deploy\tmp7701774517448516304jboss-jaxrpc.jar
19:33:07,346 DEBUG [Files] Failed to delete file: F:\eclipse_workspace_4.4\ejb21-jboss422-snippets\ejb21-jboss422-snippets-client\server\jboss-4.2.2.GA\server\default\tmp\deploy\tmp7992367904041395001jsf-api.jar
19:33:07,346 DEBUG [Files] Failed to delete file: F:\eclipse_workspace_4.4\ejb21-jboss422-snippets\ejb21-jboss422-snippets-client\server\jboss-4.2.2.GA\server\default\tmp\deploy\tmp8036678671202949762jboss-annotations-ejb3.jar
19:33:07,346 DEBUG [Files] Failed to delete file: F:\eclipse_workspace_4.4\ejb21-jboss422-snippets\ejb21-jboss422-snippets-client\server\jboss-4.2.2.GA\server\default\tmp\deploy\tmp8040367045719965545jbossws-core.jar
19:33:07,347 DEBUG [Files] Failed to delete file: F:\eclipse_workspace_4.4\ejb21-jboss422-snippets\ejb21-jboss422-snippets-client\server\jboss-4.2.2.GA\server\default\tmp\deploy\tmp8424410830068206317jboss-jaxb-intros.jar
19:33:07,347 DEBUG [Files] Failed to delete file: F:\eclipse_workspace_4.4\ejb21-jboss422-snippets\ejb21-jboss422-snippets-client\server\jboss-4.2.2.GA\server\default\tmp\deploy\tmp8546352954222890225jboss-microcontainer.jar
19:33:07,347 DEBUG [Files] Failed to delete file: F:\eclipse_workspace_4.4\ejb21-jboss422-snippets\ejb21-jboss422-snippets-client\server\jboss-4.2.2.GA\server\default\tmp\deploy\tmp8739077522500784428jboss-ha-xa-jdbc.rar
19:33:07,347 DEBUG [Files] Failed to delete file: F:\eclipse_workspace_4.4\ejb21-jboss422-snippets\ejb21-jboss422-snippets-client\server\jboss-4.2.2.GA\server\default\tmp\deploy\tmp8739077522500784428jboss-ha-xa-jdbc.rar-contents\jboss-ha-xa-jdbc.jar
19:33:07,347 DEBUG [Files] Failed to delete dir: F:\eclipse_workspace_4.4\ejb21-jboss422-snippets\ejb21-jboss422-snippets-client\server\jboss-4.2.2.GA\server\default\tmp\deploy\tmp8739077522500784428jboss-ha-xa-jdbc.rar-contents
19:33:07,347 DEBUG [Files] Failed to delete dir: F:\eclipse_workspace_4.4\ejb21-jboss422-snippets\ejb21-jboss422-snippets-client\server\jboss-4.2.2.GA\server\default\tmp\deploy\tmp8739077522500784428jboss-ha-xa-jdbc.rar-contents
19:33:07,348 DEBUG [Files] Failed to delete file: F:\eclipse_workspace_4.4\ejb21-jboss422-snippets\ejb21-jboss422-snippets-client\server\jboss-4.2.2.GA\server\default\tmp\deploy\tmp8761187265903004086trove.jar
19:33:07,348 DEBUG [Files] Failed to delete file: F:\eclipse_workspace_4.4\ejb21-jboss422-snippets\ejb21-jboss422-snippets-client\server\jboss-4.2.2.GA\server\default\tmp\deploy\tmp8995873319961549753jboss-xa-jdbc.rar
19:33:07,348 DEBUG [Files] Failed to delete file: F:\eclipse_workspace_4.4\ejb21-jboss422-snippets\ejb21-jboss422-snippets-client\server\jboss-4.2.2.GA\server\default\tmp\deploy\tmp8995873319961549753jboss-xa-jdbc.rar-contents\jboss-xa-jdbc.jar
19:33:07,348 DEBUG [Files] Failed to delete dir: F:\eclipse_workspace_4.4\ejb21-jboss422-snippets\ejb21-jboss422-snippets-client\server\jboss-4.2.2.GA\server\default\tmp\deploy\tmp8995873319961549753jboss-xa-jdbc.rar-contents
19:33:07,348 DEBUG [Files] Failed to delete dir: F:\eclipse_workspace_4.4\ejb21-jboss422-snippets\ejb21-jboss422-snippets-client\server\jboss-4.2.2.GA\server\default\tmp\deploy\tmp8995873319961549753jboss-xa-jdbc.rar-contents
19:33:07,348 DEBUG [Files] Failed to delete file: F:\eclipse_workspace_4.4\ejb21-jboss422-snippets\ejb21-jboss422-snippets-client\server\jboss-4.2.2.GA\server\default\tmp\deploy\tmp9038240298550699439jboss-container.jar
19:33:07,349 DEBUG [Files] Failed to delete file: F:\eclipse_workspace_4.4\ejb21-jboss422-snippets\ejb21-jboss422-snippets-client\server\jboss-4.2.2.GA\server\default\tmp\deploy\tmp926440172412292080jaxb-api.jar
19:33:07,349 DEBUG [Files] Failed to delete file: F:\eclipse_workspace_4.4\ejb21-jboss422-snippets\ejb21-jboss422-snippets-client\server\jboss-4.2.2.GA\server\default\tmp\deploy\tmp979905465209420970stax-api.jar
19:33:07,349 DEBUG [Files] Failed to delete dir: F:\eclipse_workspace_4.4\ejb21-jboss422-snippets\ejb21-jboss422-snippets-client\server\jboss-4.2.2.GA\server\default\tmp\deploy
19:33:07,350 DEBUG [MainDeployer] Created jboss.system:service=MainDeployer
19:33:07,350 DEBUG [ServiceController] Creating dependent components for: jboss.system:service=MainDeployer dependents are: []
19:33:07,350 DEBUG [ServiceController] starting service jboss.system:service=MainDeployer
19:33:07,350 DEBUG [MainDeployer] Starting jboss.system:service=MainDeployer
19:33:07,350 DEBUG [MainDeployer] Started jboss.system:service=MainDeployer
19:33:07,350 DEBUG [ServiceController] Starting dependent components for: jboss.system:service=MainDeployer dependent components: []
19:33:07,351 DEBUG [Server] Shutdown hook added
19:33:07,380 DEBUG [Server] Created system XMBean: jboss.system:service=JARDeployer
19:33:07,380 DEBUG [ServiceController] Creating service jboss.system:service=JARDeployer
19:33:07,380 DEBUG [JARDeployer] Creating jboss.system:service=JARDeployer
19:33:07,385 DEBUG [JARDeployer] Created jboss.system:service=JARDeployer
19:33:07,385 DEBUG [ServiceController] Creating dependent components for: jboss.system:service=JARDeployer dependents are: []
19:33:07,386 DEBUG [ServiceController] starting service jboss.system:service=JARDeployer
19:33:07,386 DEBUG [JARDeployer] Starting jboss.system:service=JARDeployer
19:33:07,386 DEBUG [MainDeployer] Adding deployer: org.jboss.deployment.JARDeployer@ca331c3
19:33:07,386 DEBUG [SuffixOrderHelper] Static suffix exists; ignoring request for adding enhanced suffix: 700:.jar
19:33:07,386 DEBUG [JARDeployer] Started jboss.system:service=JARDeployer
19:33:07,386 DEBUG [ServiceController] Starting dependent components for: jboss.system:service=JARDeployer dependent components: []
19:33:07,396 DEBUG [Server] Created system XMBean: jboss.system:service=ServiceDeployer
19:33:07,397 DEBUG [ServiceController] Creating service jboss.system:service=ServiceDeployer
19:33:07,397 DEBUG [SARDeployer] Creating jboss.system:service=ServiceDeployer
19:33:07,402 DEBUG [SARDeployer] Created jboss.system:service=ServiceDeployer
19:33:07,402 DEBUG [ServiceController] Creating dependent components for: jboss.system:service=ServiceDeployer dependents are: []
19:33:07,402 DEBUG [ServiceController] starting service jboss.system:service=ServiceDeployer
19:33:07,402 DEBUG [SARDeployer] Starting jboss.system:service=ServiceDeployer
19:33:07,403 DEBUG [MainDeployer] Adding deployer: org.jboss.deployment.SARDeployer@2dc2258a
19:33:07,406 DEBUG [SARDeployer] Started jboss.system:service=ServiceDeployer
19:33:07,406 DEBUG [ServiceController] Starting dependent components for: jboss.system:service=ServiceDeployer dependent components: []
19:33:07,406 INFO  [Server] Core system initialized
19:33:07,414 DEBUG [MainDeployer] Starting deployment of package: file:/F:/eclipse_workspace_4.4/ejb21-jboss422-snippets/ejb21-jboss422-snippets-client/server/jboss-4.2.2.GA/server/default/conf/jboss-service.xml
19:33:07,414 DEBUG [MainDeployer] Starting deployment (init step) of package at: file:/F:/eclipse_workspace_4.4/ejb21-jboss422-snippets/ejb21-jboss422-snippets-client/server/jboss-4.2.2.GA/server/default/conf/jboss-service.xml
19:33:07,517 DEBUG [MainDeployer] Copying file:/F:/eclipse_workspace_4.4/ejb21-jboss422-snippets/ejb21-jboss422-snippets-client/server/jboss-4.2.2.GA/server/default/conf/jboss-service.xml -> F:\eclipse_workspace_4.4\ejb21-jboss422-snippets\ejb21-jboss422-snippets-client\server\jboss-4.2.2.GA\server\default\tmp\deploy\tmp5511283062137023470jboss-service.xml
19:33:07,521 DEBUG [MainDeployer] using deployer org.jboss.deployment.SARDeployer@2dc2258a
19:33:07,539 DEBUG [SARDeployer] Found classpath element: [classpath: null]
19:33:07,540 DEBUG [SARDeployer] codebase URL is file:/F:/eclipse_workspace_4.4/ejb21-jboss422-snippets/ejb21-jboss422-snippets-client/server/jboss-4.2.2.GA/server/default/lib/
19:33:07,540 DEBUG [SARDeployer] listing codebase for archives matching *
19:33:07,543 DEBUG [SARDeployer] URLLister class is org.jboss.net.protocol.file.FileURLLister
19:33:07,545 DEBUG [SARDeployer] deployed classes for file:/F:/eclipse_workspace_4.4/ejb21-jboss422-snippets/ejb21-jboss422-snippets-client/server/jboss-4.2.2.GA/server/default/lib/activation.jar
19:33:07,546 DEBUG [SARDeployer] deployed classes for file:/F:/eclipse_workspace_4.4/ejb21-jboss422-snippets/ejb21-jboss422-snippets-client/server/jboss-4.2.2.GA/server/default/lib/antlr.jar
19:33:07,546 DEBUG [SARDeployer] deployed classes for file:/F:/eclipse_workspace_4.4/ejb21-jboss422-snippets/ejb21-jboss422-snippets-client/server/jboss-4.2.2.GA/server/default/lib/autonumber-plugin.jar
19:33:07,546 DEBUG [SARDeployer] deployed classes for file:/F:/eclipse_workspace_4.4/ejb21-jboss422-snippets/ejb21-jboss422-snippets-client/server/jboss-4.2.2.GA/server/default/lib/bcel.jar
19:33:07,546 DEBUG [SARDeployer] deployed classes for file:/F:/eclipse_workspace_4.4/ejb21-jboss422-snippets/ejb21-jboss422-snippets-client/server/jboss-4.2.2.GA/server/default/lib/bindingservice-plugin.jar
19:33:07,546 DEBUG [SARDeployer] deployed classes for file:/F:/eclipse_workspace_4.4/ejb21-jboss422-snippets/ejb21-jboss422-snippets-client/server/jboss-4.2.2.GA/server/default/lib/bsf.jar
19:33:07,546 DEBUG [SARDeployer] deployed classes for file:/F:/eclipse_workspace_4.4/ejb21-jboss422-snippets/ejb21-jboss422-snippets-client/server/jboss-4.2.2.GA/server/default/lib/bsh-deployer.jar
19:33:07,546 DEBUG [SARDeployer] deployed classes for file:/F:/eclipse_workspace_4.4/ejb21-jboss422-snippets/ejb21-jboss422-snippets-client/server/jboss-4.2.2.GA/server/default/lib/bsh.jar
19:33:07,546 DEBUG [SARDeployer] deployed classes for file:/F:/eclipse_workspace_4.4/ejb21-jboss422-snippets/ejb21-jboss422-snippets-client/server/jboss-4.2.2.GA/server/default/lib/cglib.jar
19:33:07,546 DEBUG [SARDeployer] deployed classes for file:/F:/eclipse_workspace_4.4/ejb21-jboss422-snippets/ejb21-jboss422-snippets-client/server/jboss-4.2.2.GA/server/default/lib/commons-codec.jar
19:33:07,546 DEBUG [SARDeployer] deployed classes for file:/F:/eclipse_workspace_4.4/ejb21-jboss422-snippets/ejb21-jboss422-snippets-client/server/jboss-4.2.2.GA/server/default/lib/commons-collections.jar
19:33:07,546 DEBUG [SARDeployer] deployed classes for file:/F:/eclipse_workspace_4.4/ejb21-jboss422-snippets/ejb21-jboss422-snippets-client/server/jboss-4.2.2.GA/server/default/lib/commons-httpclient.jar
19:33:07,546 DEBUG [SARDeployer] deployed classes for file:/F:/eclipse_workspace_4.4/ejb21-jboss422-snippets/ejb21-jboss422-snippets-client/server/jboss-4.2.2.GA/server/default/lib/commons-logging.jar
19:33:07,546 DEBUG [SARDeployer] deployed classes for file:/F:/eclipse_workspace_4.4/ejb21-jboss422-snippets/ejb21-jboss422-snippets-client/server/jboss-4.2.2.GA/server/default/lib/dom4j.jar
19:33:07,546 DEBUG [SARDeployer] deployed classes for file:/F:/eclipse_workspace_4.4/ejb21-jboss422-snippets/ejb21-jboss422-snippets-client/server/jboss-4.2.2.GA/server/default/lib/ejb3-persistence.jar
19:33:07,546 DEBUG [SARDeployer] deployed classes for file:/F:/eclipse_workspace_4.4/ejb21-jboss422-snippets/ejb21-jboss422-snippets-client/server/jboss-4.2.2.GA/server/default/lib/el-api.jar
19:33:07,546 DEBUG [SARDeployer] deployed classes for file:/F:/eclipse_workspace_4.4/ejb21-jboss422-snippets/ejb21-jboss422-snippets-client/server/jboss-4.2.2.GA/server/default/lib/hibernate-annotations.jar
19:33:07,546 DEBUG [SARDeployer] deployed classes for file:/F:/eclipse_workspace_4.4/ejb21-jboss422-snippets/ejb21-jboss422-snippets-client/server/jboss-4.2.2.GA/server/default/lib/hibernate-entitymanager.jar
19:33:07,546 DEBUG [SARDeployer] deployed classes for file:/F:/eclipse_workspace_4.4/ejb21-jboss422-snippets/ejb21-jboss422-snippets-client/server/jboss-4.2.2.GA/server/default/lib/hibernate3.jar
19:33:07,546 DEBUG [SARDeployer] deployed classes for file:/F:/eclipse_workspace_4.4/ejb21-jboss422-snippets/ejb21-jboss422-snippets-client/server/jboss-4.2.2.GA/server/default/lib/hsqldb-plugin.jar
19:33:07,546 DEBUG [SARDeployer] deployed classes for file:/F:/eclipse_workspace_4.4/ejb21-jboss422-snippets/ejb21-jboss422-snippets-client/server/jboss-4.2.2.GA/server/default/lib/hsqldb.jar
19:33:07,546 DEBUG [SARDeployer] deployed classes for file:/F:/eclipse_workspace_4.4/ejb21-jboss422-snippets/ejb21-jboss422-snippets-client/server/jboss-4.2.2.GA/server/default/lib/javassist.jar
19:33:07,546 DEBUG [SARDeployer] deployed classes for file:/F:/eclipse_workspace_4.4/ejb21-jboss422-snippets/ejb21-jboss422-snippets-client/server/jboss-4.2.2.GA/server/default/lib/jaxen.jar
19:33:07,546 DEBUG [SARDeployer] deployed classes for file:/F:/eclipse_workspace_4.4/ejb21-jboss422-snippets/ejb21-jboss422-snippets-client/server/jboss-4.2.2.GA/server/default/lib/jboss-cache-jdk50.jar
19:33:07,546 DEBUG [SARDeployer] deployed classes for file:/F:/eclipse_workspace_4.4/ejb21-jboss422-snippets/ejb21-jboss422-snippets-client/server/jboss-4.2.2.GA/server/default/lib/jboss-common-jdbc-wrapper.jar
19:33:07,546 DEBUG [SARDeployer] deployed classes for file:/F:/eclipse_workspace_4.4/ejb21-jboss422-snippets/ejb21-jboss422-snippets-client/server/jboss-4.2.2.GA/server/default/lib/jboss-ejb3x.jar
19:33:07,546 DEBUG [SARDeployer] deployed classes for file:/F:/eclipse_workspace_4.4/ejb21-jboss422-snippets/ejb21-jboss422-snippets-client/server/jboss-4.2.2.GA/server/default/lib/jboss-hibernate.jar
19:33:07,546 DEBUG [SARDeployer] deployed classes for file:/F:/eclipse_workspace_4.4/ejb21-jboss422-snippets/ejb21-jboss422-snippets-client/server/jboss-4.2.2.GA/server/default/lib/jboss-j2ee.jar
19:33:07,546 DEBUG [SARDeployer] deployed classes for file:/F:/eclipse_workspace_4.4/ejb21-jboss422-snippets/ejb21-jboss422-snippets-client/server/jboss-4.2.2.GA/server/default/lib/jboss-jaxrpc.jar
19:33:07,546 DEBUG [SARDeployer] deployed classes for file:/F:/eclipse_workspace_4.4/ejb21-jboss422-snippets/ejb21-jboss422-snippets-client/server/jboss-4.2.2.GA/server/default/lib/jboss-jaxws.jar
19:33:07,546 DEBUG [SARDeployer] deployed classes for file:/F:/eclipse_workspace_4.4/ejb21-jboss422-snippets/ejb21-jboss422-snippets-client/server/jboss-4.2.2.GA/server/default/lib/jboss-jca.jar
19:33:07,546 DEBUG [SARDeployer] deployed classes for file:/F:/eclipse_workspace_4.4/ejb21-jboss422-snippets/ejb21-jboss422-snippets-client/server/jboss-4.2.2.GA/server/default/lib/jboss-jsr77.jar
19:33:07,546 DEBUG [SARDeployer] deployed classes for file:/F:/eclipse_workspace_4.4/ejb21-jboss422-snippets/ejb21-jboss422-snippets-client/server/jboss-4.2.2.GA/server/default/lib/jboss-jsr88.jar
19:33:07,546 DEBUG [SARDeployer] deployed classes for file:/F:/eclipse_workspace_4.4/ejb21-jboss422-snippets/ejb21-jboss422-snippets-client/server/jboss-4.2.2.GA/server/default/lib/jboss-management.jar
19:33:07,546 DEBUG [SARDeployer] deployed classes for file:/F:/eclipse_workspace_4.4/ejb21-jboss422-snippets/ejb21-jboss422-snippets-client/server/jboss-4.2.2.GA/server/default/lib/jboss-monitoring.jar
19:33:07,546 DEBUG [SARDeployer] deployed classes for file:/F:/eclipse_workspace_4.4/ejb21-jboss422-snippets/ejb21-jboss422-snippets-client/server/jboss-4.2.2.GA/server/default/lib/jboss-remoting-int.jar
19:33:07,546 DEBUG [SARDeployer] deployed classes for file:/F:/eclipse_workspace_4.4/ejb21-jboss422-snippets/ejb21-jboss422-snippets-client/server/jboss-4.2.2.GA/server/default/lib/jboss-remoting.jar
19:33:07,546 DEBUG [SARDeployer] deployed classes for file:/F:/eclipse_workspace_4.4/ejb21-jboss422-snippets/ejb21-jboss422-snippets-client/server/jboss-4.2.2.GA/server/default/lib/jboss-saaj.jar
19:33:07,546 DEBUG [SARDeployer] deployed classes for file:/F:/eclipse_workspace_4.4/ejb21-jboss422-snippets/ejb21-jboss422-snippets-client/server/jboss-4.2.2.GA/server/default/lib/jboss-serialization.jar
19:33:07,546 DEBUG [SARDeployer] deployed classes for file:/F:/eclipse_workspace_4.4/ejb21-jboss422-snippets/ejb21-jboss422-snippets-client/server/jboss-4.2.2.GA/server/default/lib/jboss-srp.jar
19:33:07,546 DEBUG [SARDeployer] deployed classes for file:/F:/eclipse_workspace_4.4/ejb21-jboss422-snippets/ejb21-jboss422-snippets-client/server/jboss-4.2.2.GA/server/default/lib/jboss-transaction.jar
19:33:07,546 DEBUG [SARDeployer] deployed classes for file:/F:/eclipse_workspace_4.4/ejb21-jboss422-snippets/ejb21-jboss422-snippets-client/server/jboss-4.2.2.GA/server/default/lib/jboss-vfs.jar
19:33:07,546 DEBUG [SARDeployer] deployed classes for file:/F:/eclipse_workspace_4.4/ejb21-jboss422-snippets/ejb21-jboss422-snippets-client/server/jboss-4.2.2.GA/server/default/lib/jboss.jar
19:33:07,546 DEBUG [SARDeployer] deployed classes for file:/F:/eclipse_workspace_4.4/ejb21-jboss422-snippets/ejb21-jboss422-snippets-client/server/jboss-4.2.2.GA/server/default/lib/jbossjta-integration.jar
19:33:07,547 DEBUG [SARDeployer] deployed classes for file:/F:/eclipse_workspace_4.4/ejb21-jboss422-snippets/ejb21-jboss422-snippets-client/server/jboss-4.2.2.GA/server/default/lib/jbossjta.jar
19:33:07,547 DEBUG [SARDeployer] deployed classes for file:/F:/eclipse_workspace_4.4/ejb21-jboss422-snippets/ejb21-jboss422-snippets-client/server/jboss-4.2.2.GA/server/default/lib/jbossmq.jar
19:33:07,547 DEBUG [SARDeployer] deployed classes for file:/F:/eclipse_workspace_4.4/ejb21-jboss422-snippets/ejb21-jboss422-snippets-client/server/jboss-4.2.2.GA/server/default/lib/jbosssx.jar
19:33:07,547 DEBUG [SARDeployer] deployed classes for file:/F:/eclipse_workspace_4.4/ejb21-jboss422-snippets/ejb21-jboss422-snippets-client/server/jboss-4.2.2.GA/server/default/lib/jbossts-common.jar
19:33:07,547 DEBUG [SARDeployer] deployed classes for file:/F:/eclipse_workspace_4.4/ejb21-jboss422-snippets/ejb21-jboss422-snippets-client/server/jboss-4.2.2.GA/server/default/lib/jbossws-common.jar
19:33:07,547 DEBUG [SARDeployer] deployed classes for file:/F:/eclipse_workspace_4.4/ejb21-jboss422-snippets/ejb21-jboss422-snippets-client/server/jboss-4.2.2.GA/server/default/lib/jbossws-framework.jar
19:33:07,547 DEBUG [SARDeployer] deployed classes for file:/F:/eclipse_workspace_4.4/ejb21-jboss422-snippets/ejb21-jboss422-snippets-client/server/jboss-4.2.2.GA/server/default/lib/jbossws-jboss42.jar
19:33:07,547 DEBUG [SARDeployer] deployed classes for file:/F:/eclipse_workspace_4.4/ejb21-jboss422-snippets/ejb21-jboss422-snippets-client/server/jboss-4.2.2.GA/server/default/lib/jbossws-spi.jar
19:33:07,547 DEBUG [SARDeployer] deployed classes for file:/F:/eclipse_workspace_4.4/ejb21-jboss422-snippets/ejb21-jboss422-snippets-client/server/jboss-4.2.2.GA/server/default/lib/jmx-adaptor-plugin.jar
19:33:07,547 DEBUG [SARDeployer] deployed classes for file:/F:/eclipse_workspace_4.4/ejb21-jboss422-snippets/ejb21-jboss422-snippets-client/server/jboss-4.2.2.GA/server/default/lib/jnpserver.jar
19:33:07,547 DEBUG [SARDeployer] deployed classes for file:/F:/eclipse_workspace_4.4/ejb21-jboss422-snippets/ejb21-jboss422-snippets-client/server/jboss-4.2.2.GA/server/default/lib/joesnmp.jar
19:33:07,547 DEBUG [SARDeployer] deployed classes for file:/F:/eclipse_workspace_4.4/ejb21-jboss422-snippets/ejb21-jboss422-snippets-client/server/jboss-4.2.2.GA/server/default/lib/jpl-pattern.jar
19:33:07,547 DEBUG [SARDeployer] deployed classes for file:/F:/eclipse_workspace_4.4/ejb21-jboss422-snippets/ejb21-jboss422-snippets-client/server/jboss-4.2.2.GA/server/default/lib/jpl-util.jar
19:33:07,547 DEBUG [SARDeployer] deployed classes for file:/F:/eclipse_workspace_4.4/ejb21-jboss422-snippets/ejb21-jboss422-snippets-client/server/jboss-4.2.2.GA/server/default/lib/jsp-api.jar
19:33:07,547 DEBUG [SARDeployer] deployed classes for file:/F:/eclipse_workspace_4.4/ejb21-jboss422-snippets/ejb21-jboss422-snippets-client/server/jboss-4.2.2.GA/server/default/lib/log4j-snmp-appender.jar
19:33:07,547 DEBUG [SARDeployer] deployed classes for file:/F:/eclipse_workspace_4.4/ejb21-jboss422-snippets/ejb21-jboss422-snippets-client/server/jboss-4.2.2.GA/server/default/lib/log4j.jar
19:33:07,547 DEBUG [SARDeployer] deployed classes for file:/F:/eclipse_workspace_4.4/ejb21-jboss422-snippets/ejb21-jboss422-snippets-client/server/jboss-4.2.2.GA/server/default/lib/mail-plugin.jar
19:33:07,547 DEBUG [SARDeployer] deployed classes for file:/F:/eclipse_workspace_4.4/ejb21-jboss422-snippets/ejb21-jboss422-snippets-client/server/jboss-4.2.2.GA/server/default/lib/mail.jar
19:33:07,547 DEBUG [SARDeployer] deployed classes for file:/F:/eclipse_workspace_4.4/ejb21-jboss422-snippets/ejb21-jboss422-snippets-client/server/jboss-4.2.2.GA/server/default/lib/properties-plugin.jar
19:33:07,547 DEBUG [SARDeployer] deployed classes for file:/F:/eclipse_workspace_4.4/ejb21-jboss422-snippets/ejb21-jboss422-snippets-client/server/jboss-4.2.2.GA/server/default/lib/quartz.jar
19:33:07,547 DEBUG [SARDeployer] deployed classes for file:/F:/eclipse_workspace_4.4/ejb21-jboss422-snippets/ejb21-jboss422-snippets-client/server/jboss-4.2.2.GA/server/default/lib/scheduler-plugin-example.jar
19:33:07,547 DEBUG [SARDeployer] deployed classes for file:/F:/eclipse_workspace_4.4/ejb21-jboss422-snippets/ejb21-jboss422-snippets-client/server/jboss-4.2.2.GA/server/default/lib/scheduler-plugin.jar
19:33:07,547 DEBUG [SARDeployer] deployed classes for file:/F:/eclipse_workspace_4.4/ejb21-jboss422-snippets/ejb21-jboss422-snippets-client/server/jboss-4.2.2.GA/server/default/lib/servlet-api.jar
19:33:07,547 DEBUG [SARDeployer] deployed classes for file:/F:/eclipse_workspace_4.4/ejb21-jboss422-snippets/ejb21-jboss422-snippets-client/server/jboss-4.2.2.GA/server/default/lib/xmlentitymgr.jar
19:33:07,547 DEBUG [SARDeployer] about to copy 0 local directories
19:33:07,548 DEBUG [SARDeployer] looking for nested deployments in : file:/F:/eclipse_workspace_4.4/ejb21-jboss422-snippets/ejb21-jboss422-snippets-client/server/jboss-4.2.2.GA/server/default/conf/jboss-service.xml
19:33:07,549 DEBUG [DeploymentInfo] createLoaderRepository from config: LoaderRepositoryConfig(repositoryName: JMImplementation:service=LoaderRepository,name=Default, repositoryClassName: null, configParserClassName: null, repositoryConfig: null)
19:33:07,549 DEBUG [RepositoryClassLoader] setRepository, repository=org.jboss.mx.loading.UnifiedLoaderRepository3@47ff1366, cl=org.jboss.mx.loading.UnifiedClassLoader3@2fd1ed8d{ url=null ,addedOrder=0}
19:33:07,549 DEBUG [RepositoryClassLoader] setRepository, repository=org.jboss.mx.loading.UnifiedLoaderRepository3@47ff1366, cl=org.jboss.mx.loading.UnifiedClassLoader3@2fd1ed8d{ url=null ,addedOrder=0}
19:33:07,549 DEBUG [UnifiedLoaderRepository3] Adding org.jboss.mx.loading.UnifiedClassLoader3@2fd1ed8d{ url=null ,addedOrder=0}
19:33:07,553 DEBUG [RepositoryClassLoader] Added url: file:/F:/eclipse_workspace_4.4/ejb21-jboss422-snippets/ejb21-jboss422-snippets-client/server/jboss-4.2.2.GA/server/default/lib/activation.jar, to ucl: org.jboss.mx.loading.UnifiedClassLoader3@2fd1ed8d{ url=null ,addedOrder=2}
19:33:07,568 DEBUG [RepositoryClassLoader] Added url: file:/F:/eclipse_workspace_4.4/ejb21-jboss422-snippets/ejb21-jboss422-snippets-client/server/jboss-4.2.2.GA/server/default/lib/antlr.jar, to ucl: org.jboss.mx.loading.UnifiedClassLoader3@2fd1ed8d{ url=null ,addedOrder=2}
19:33:07,569 DEBUG [RepositoryClassLoader] Added url: file:/F:/eclipse_workspace_4.4/ejb21-jboss422-snippets/ejb21-jboss422-snippets-client/server/jboss-4.2.2.GA/server/default/lib/autonumber-plugin.jar, to ucl: org.jboss.mx.loading.UnifiedClassLoader3@2fd1ed8d{ url=null ,addedOrder=2}
19:33:07,587 DEBUG [RepositoryClassLoader] Added url: file:/F:/eclipse_workspace_4.4/ejb21-jboss422-snippets/ejb21-jboss422-snippets-client/server/jboss-4.2.2.GA/server/default/lib/bcel.jar, to ucl: org.jboss.mx.loading.UnifiedClassLoader3@2fd1ed8d{ url=null ,addedOrder=2}
19:33:07,588 DEBUG [RepositoryClassLoader] Added url: file:/F:/eclipse_workspace_4.4/ejb21-jboss422-snippets/ejb21-jboss422-snippets-client/server/jboss-4.2.2.GA/server/default/lib/bindingservice-plugin.jar, to ucl: org.jboss.mx.loading.UnifiedClassLoader3@2fd1ed8d{ url=null ,addedOrder=2}
19:33:07,594 DEBUG [RepositoryClassLoader] Added url: file:/F:/eclipse_workspace_4.4/ejb21-jboss422-snippets/ejb21-jboss422-snippets-client/server/jboss-4.2.2.GA/server/default/lib/bsf.jar, to ucl: org.jboss.mx.loading.UnifiedClassLoader3@2fd1ed8d{ url=null ,addedOrder=2}
19:33:07,594 DEBUG [RepositoryClassLoader] Added url: file:/F:/eclipse_workspace_4.4/ejb21-jboss422-snippets/ejb21-jboss422-snippets-client/server/jboss-4.2.2.GA/server/default/lib/bsh-deployer.jar, to ucl: org.jboss.mx.loading.UnifiedClassLoader3@2fd1ed8d{ url=null ,addedOrder=2}
19:33:07,602 DEBUG [RepositoryClassLoader] Added url: file:/F:/eclipse_workspace_4.4/ejb21-jboss422-snippets/ejb21-jboss422-snippets-client/server/jboss-4.2.2.GA/server/default/lib/bsh.jar, to ucl: org.jboss.mx.loading.UnifiedClassLoader3@2fd1ed8d{ url=null ,addedOrder=2}
19:33:07,602 DEBUG [ClassLoaderUtils] Multiple class loaders found for pkg: 
19:33:07,612 DEBUG [RepositoryClassLoader] Added url: file:/F:/eclipse_workspace_4.4/ejb21-jboss422-snippets/ejb21-jboss422-snippets-client/server/jboss-4.2.2.GA/server/default/lib/cglib.jar, to ucl: org.jboss.mx.loading.UnifiedClassLoader3@2fd1ed8d{ url=null ,addedOrder=2}
19:33:07,614 DEBUG [RepositoryClassLoader] Added url: file:/F:/eclipse_workspace_4.4/ejb21-jboss422-snippets/ejb21-jboss422-snippets-client/server/jboss-4.2.2.GA/server/default/lib/commons-codec.jar, to ucl: org.jboss.mx.loading.UnifiedClassLoader3@2fd1ed8d{ url=null ,addedOrder=2}
19:33:07,630 DEBUG [RepositoryClassLoader] Added url: file:/F:/eclipse_workspace_4.4/ejb21-jboss422-snippets/ejb21-jboss422-snippets-client/server/jboss-4.2.2.GA/server/default/lib/commons-collections.jar, to ucl: org.jboss.mx.loading.UnifiedClassLoader3@2fd1ed8d{ url=null ,addedOrder=2}
19:33:07,637 DEBUG [RepositoryClassLoader] Added url: file:/F:/eclipse_workspace_4.4/ejb21-jboss422-snippets/ejb21-jboss422-snippets-client/server/jboss-4.2.2.GA/server/default/lib/commons-httpclient.jar, to ucl: org.jboss.mx.loading.UnifiedClassLoader3@2fd1ed8d{ url=null ,addedOrder=2}
19:33:07,638 DEBUG [RepositoryClassLoader] Added url: file:/F:/eclipse_workspace_4.4/ejb21-jboss422-snippets/ejb21-jboss422-snippets-client/server/jboss-4.2.2.GA/server/default/lib/commons-logging.jar, to ucl: org.jboss.mx.loading.UnifiedClassLoader3@2fd1ed8d{ url=null ,addedOrder=2}
19:33:07,648 DEBUG [RepositoryClassLoader] Added url: file:/F:/eclipse_workspace_4.4/ejb21-jboss422-snippets/ejb21-jboss422-snippets-client/server/jboss-4.2.2.GA/server/default/lib/dom4j.jar, to ucl: org.jboss.mx.loading.UnifiedClassLoader3@2fd1ed8d{ url=null ,addedOrder=2}
19:33:07,650 DEBUG [RepositoryClassLoader] Added url: file:/F:/eclipse_workspace_4.4/ejb21-jboss422-snippets/ejb21-jboss422-snippets-client/server/jboss-4.2.2.GA/server/default/lib/ejb3-persistence.jar, to ucl: org.jboss.mx.loading.UnifiedClassLoader3@2fd1ed8d{ url=null ,addedOrder=2}
19:33:07,651 DEBUG [RepositoryClassLoader] Added url: file:/F:/eclipse_workspace_4.4/ejb21-jboss422-snippets/ejb21-jboss422-snippets-client/server/jboss-4.2.2.GA/server/default/lib/el-api.jar, to ucl: org.jboss.mx.loading.UnifiedClassLoader3@2fd1ed8d{ url=null ,addedOrder=2}
19:33:07,664 DEBUG [RepositoryClassLoader] Added url: file:/F:/eclipse_workspace_4.4/ejb21-jboss422-snippets/ejb21-jboss422-snippets-client/server/jboss-4.2.2.GA/server/default/lib/hibernate-annotations.jar, to ucl: org.jboss.mx.loading.UnifiedClassLoader3@2fd1ed8d{ url=null ,addedOrder=2}
19:33:07,667 DEBUG [RepositoryClassLoader] Added url: file:/F:/eclipse_workspace_4.4/ejb21-jboss422-snippets/ejb21-jboss422-snippets-client/server/jboss-4.2.2.GA/server/default/lib/hibernate-entitymanager.jar, to ucl: org.jboss.mx.loading.UnifiedClassLoader3@2fd1ed8d{ url=null ,addedOrder=2}
19:33:07,728 DEBUG [RepositoryClassLoader] Added url: file:/F:/eclipse_workspace_4.4/ejb21-jboss422-snippets/ejb21-jboss422-snippets-client/server/jboss-4.2.2.GA/server/default/lib/hibernate3.jar, to ucl: org.jboss.mx.loading.UnifiedClassLoader3@2fd1ed8d{ url=null ,addedOrder=2}
19:33:07,729 DEBUG [RepositoryClassLoader] Added url: file:/F:/eclipse_workspace_4.4/ejb21-jboss422-snippets/ejb21-jboss422-snippets-client/server/jboss-4.2.2.GA/server/default/lib/hsqldb-plugin.jar, to ucl: org.jboss.mx.loading.UnifiedClassLoader3@2fd1ed8d{ url=null ,addedOrder=2}
19:33:07,747 DEBUG [RepositoryClassLoader] Added url: file:/F:/eclipse_workspace_4.4/ejb21-jboss422-snippets/ejb21-jboss422-snippets-client/server/jboss-4.2.2.GA/server/default/lib/hsqldb.jar, to ucl: org.jboss.mx.loading.UnifiedClassLoader3@2fd1ed8d{ url=null ,addedOrder=2}
19:33:07,762 DEBUG [RepositoryClassLoader] Added url: file:/F:/eclipse_workspace_4.4/ejb21-jboss422-snippets/ejb21-jboss422-snippets-client/server/jboss-4.2.2.GA/server/default/lib/javassist.jar, to ucl: org.jboss.mx.loading.UnifiedClassLoader3@2fd1ed8d{ url=null ,addedOrder=2}
19:33:07,769 DEBUG [RepositoryClassLoader] Added url: file:/F:/eclipse_workspace_4.4/ejb21-jboss422-snippets/ejb21-jboss422-snippets-client/server/jboss-4.2.2.GA/server/default/lib/jaxen.jar, to ucl: org.jboss.mx.loading.UnifiedClassLoader3@2fd1ed8d{ url=null ,addedOrder=2}
19:33:07,788 DEBUG [RepositoryClassLoader] Added url: file:/F:/eclipse_workspace_4.4/ejb21-jboss422-snippets/ejb21-jboss422-snippets-client/server/jboss-4.2.2.GA/server/default/lib/jboss-cache-jdk50.jar, to ucl: org.jboss.mx.loading.UnifiedClassLoader3@2fd1ed8d{ url=null ,addedOrder=2}
19:33:07,790 DEBUG [RepositoryClassLoader] Added url: file:/F:/eclipse_workspace_4.4/ejb21-jboss422-snippets/ejb21-jboss422-snippets-client/server/jboss-4.2.2.GA/server/default/lib/jboss-common-jdbc-wrapper.jar, to ucl: org.jboss.mx.loading.UnifiedClassLoader3@2fd1ed8d{ url=null ,addedOrder=2}
19:33:07,791 DEBUG [RepositoryClassLoader] Added url: file:/F:/eclipse_workspace_4.4/ejb21-jboss422-snippets/ejb21-jboss422-snippets-client/server/jboss-4.2.2.GA/server/default/lib/jboss-ejb3x.jar, to ucl: org.jboss.mx.loading.UnifiedClassLoader3@2fd1ed8d{ url=null ,addedOrder=2}
19:33:07,792 DEBUG [RepositoryClassLoader] Added url: file:/F:/eclipse_workspace_4.4/ejb21-jboss422-snippets/ejb21-jboss422-snippets-client/server/jboss-4.2.2.GA/server/default/lib/jboss-hibernate.jar, to ucl: org.jboss.mx.loading.UnifiedClassLoader3@2fd1ed8d{ url=null ,addedOrder=2}
19:33:07,803 DEBUG [RepositoryClassLoader] Added url: file:/F:/eclipse_workspace_4.4/ejb21-jboss422-snippets/ejb21-jboss422-snippets-client/server/jboss-4.2.2.GA/server/default/lib/jboss-j2ee.jar, to ucl: org.jboss.mx.loading.UnifiedClassLoader3@2fd1ed8d{ url=null ,addedOrder=2}
19:33:07,805 DEBUG [RepositoryClassLoader] Added url: file:/F:/eclipse_workspace_4.4/ejb21-jboss422-snippets/ejb21-jboss422-snippets-client/server/jboss-4.2.2.GA/server/default/lib/jboss-jaxrpc.jar, to ucl: org.jboss.mx.loading.UnifiedClassLoader3@2fd1ed8d{ url=null ,addedOrder=2}
19:33:07,807 DEBUG [RepositoryClassLoader] Added url: file:/F:/eclipse_workspace_4.4/ejb21-jboss422-snippets/ejb21-jboss422-snippets-client/server/jboss-4.2.2.GA/server/default/lib/jboss-jaxws.jar, to ucl: org.jboss.mx.loading.UnifiedClassLoader3@2fd1ed8d{ url=null ,addedOrder=2}
19:33:07,812 DEBUG [RepositoryClassLoader] Added url: file:/F:/eclipse_workspace_4.4/ejb21-jboss422-snippets/ejb21-jboss422-snippets-client/server/jboss-4.2.2.GA/server/default/lib/jboss-jca.jar, to ucl: org.jboss.mx.loading.UnifiedClassLoader3@2fd1ed8d{ url=null ,addedOrder=2}
19:33:07,813 DEBUG [RepositoryClassLoader] Added url: file:/F:/eclipse_workspace_4.4/ejb21-jboss422-snippets/ejb21-jboss422-snippets-client/server/jboss-4.2.2.GA/server/default/lib/jboss-jsr77.jar, to ucl: org.jboss.mx.loading.UnifiedClassLoader3@2fd1ed8d{ url=null ,addedOrder=2}
19:33:07,815 DEBUG [RepositoryClassLoader] Added url: file:/F:/eclipse_workspace_4.4/ejb21-jboss422-snippets/ejb21-jboss422-snippets-client/server/jboss-4.2.2.GA/server/default/lib/jboss-jsr88.jar, to ucl: org.jboss.mx.loading.UnifiedClassLoader3@2fd1ed8d{ url=null ,addedOrder=2}
19:33:07,819 DEBUG [RepositoryClassLoader] Added url: file:/F:/eclipse_workspace_4.4/ejb21-jboss422-snippets/ejb21-jboss422-snippets-client/server/jboss-4.2.2.GA/server/default/lib/jboss-management.jar, to ucl: org.jboss.mx.loading.UnifiedClassLoader3@2fd1ed8d{ url=null ,addedOrder=2}
19:33:07,821 DEBUG [RepositoryClassLoader] Added url: file:/F:/eclipse_workspace_4.4/ejb21-jboss422-snippets/ejb21-jboss422-snippets-client/server/jboss-4.2.2.GA/server/default/lib/jboss-monitoring.jar, to ucl: org.jboss.mx.loading.UnifiedClassLoader3@2fd1ed8d{ url=null ,addedOrder=2}
19:33:07,821 DEBUG [RepositoryClassLoader] Added url: file:/F:/eclipse_workspace_4.4/ejb21-jboss422-snippets/ejb21-jboss422-snippets-client/server/jboss-4.2.2.GA/server/default/lib/jboss-remoting-int.jar, to ucl: org.jboss.mx.loading.UnifiedClassLoader3@2fd1ed8d{ url=null ,addedOrder=2}
19:33:07,843 DEBUG [RepositoryClassLoader] Added url: file:/F:/eclipse_workspace_4.4/ejb21-jboss422-snippets/ejb21-jboss422-snippets-client/server/jboss-4.2.2.GA/server/default/lib/jboss-remoting.jar, to ucl: org.jboss.mx.loading.UnifiedClassLoader3@2fd1ed8d{ url=null ,addedOrder=2}
19:33:07,844 DEBUG [RepositoryClassLoader] Added url: file:/F:/eclipse_workspace_4.4/ejb21-jboss422-snippets/ejb21-jboss422-snippets-client/server/jboss-4.2.2.GA/server/default/lib/jboss-saaj.jar, to ucl: org.jboss.mx.loading.UnifiedClassLoader3@2fd1ed8d{ url=null ,addedOrder=2}
19:33:07,847 DEBUG [RepositoryClassLoader] Added url: file:/F:/eclipse_workspace_4.4/ejb21-jboss422-snippets/ejb21-jboss422-snippets-client/server/jboss-4.2.2.GA/server/default/lib/jboss-serialization.jar, to ucl: org.jboss.mx.loading.UnifiedClassLoader3@2fd1ed8d{ url=null ,addedOrder=2}
19:33:07,849 DEBUG [RepositoryClassLoader] Added url: file:/F:/eclipse_workspace_4.4/ejb21-jboss422-snippets/ejb21-jboss422-snippets-client/server/jboss-4.2.2.GA/server/default/lib/jboss-srp.jar, to ucl: org.jboss.mx.loading.UnifiedClassLoader3@2fd1ed8d{ url=null ,addedOrder=2}
19:33:07,850 DEBUG [RepositoryClassLoader] Added url: file:/F:/eclipse_workspace_4.4/ejb21-jboss422-snippets/ejb21-jboss422-snippets-client/server/jboss-4.2.2.GA/server/default/lib/jboss-transaction.jar, to ucl: org.jboss.mx.loading.UnifiedClassLoader3@2fd1ed8d{ url=null ,addedOrder=2}
19:33:07,853 DEBUG [RepositoryClassLoader] Added url: file:/F:/eclipse_workspace_4.4/ejb21-jboss422-snippets/ejb21-jboss422-snippets-client/server/jboss-4.2.2.GA/server/default/lib/jboss-vfs.jar, to ucl: org.jboss.mx.loading.UnifiedClassLoader3@2fd1ed8d{ url=null ,addedOrder=2}
19:33:07,904 DEBUG [RepositoryClassLoader] Added url: file:/F:/eclipse_workspace_4.4/ejb21-jboss422-snippets/ejb21-jboss422-snippets-client/server/jboss-4.2.2.GA/server/default/lib/jboss.jar, to ucl: org.jboss.mx.loading.UnifiedClassLoader3@2fd1ed8d{ url=null ,addedOrder=2}
19:33:07,906 DEBUG [RepositoryClassLoader] Added url: file:/F:/eclipse_workspace_4.4/ejb21-jboss422-snippets/ejb21-jboss422-snippets-client/server/jboss-4.2.2.GA/server/default/lib/jbossjta-integration.jar, to ucl: org.jboss.mx.loading.UnifiedClassLoader3@2fd1ed8d{ url=null ,addedOrder=2}
19:33:07,919 DEBUG [RepositoryClassLoader] Added url: file:/F:/eclipse_workspace_4.4/ejb21-jboss422-snippets/ejb21-jboss422-snippets-client/server/jboss-4.2.2.GA/server/default/lib/jbossjta.jar, to ucl: org.jboss.mx.loading.UnifiedClassLoader3@2fd1ed8d{ url=null ,addedOrder=2}
19:33:07,931 DEBUG [RepositoryClassLoader] Added url: file:/F:/eclipse_workspace_4.4/ejb21-jboss422-snippets/ejb21-jboss422-snippets-client/server/jboss-4.2.2.GA/server/default/lib/jbossmq.jar, to ucl: org.jboss.mx.loading.UnifiedClassLoader3@2fd1ed8d{ url=null ,addedOrder=2}
19:33:07,939 DEBUG [RepositoryClassLoader] Added url: file:/F:/eclipse_workspace_4.4/ejb21-jboss422-snippets/ejb21-jboss422-snippets-client/server/jboss-4.2.2.GA/server/default/lib/jbosssx.jar, to ucl: org.jboss.mx.loading.UnifiedClassLoader3@2fd1ed8d{ url=null ,addedOrder=2}
19:33:07,940 DEBUG [RepositoryClassLoader] Added url: file:/F:/eclipse_workspace_4.4/ejb21-jboss422-snippets/ejb21-jboss422-snippets-client/server/jboss-4.2.2.GA/server/default/lib/jbossts-common.jar, to ucl: org.jboss.mx.loading.UnifiedClassLoader3@2fd1ed8d{ url=null ,addedOrder=2}
19:33:07,942 DEBUG [RepositoryClassLoader] Added url: file:/F:/eclipse_workspace_4.4/ejb21-jboss422-snippets/ejb21-jboss422-snippets-client/server/jboss-4.2.2.GA/server/default/lib/jbossws-common.jar, to ucl: org.jboss.mx.loading.UnifiedClassLoader3@2fd1ed8d{ url=null ,addedOrder=2}
19:33:07,944 DEBUG [RepositoryClassLoader] Added url: file:/F:/eclipse_workspace_4.4/ejb21-jboss422-snippets/ejb21-jboss422-snippets-client/server/jboss-4.2.2.GA/server/default/lib/jbossws-framework.jar, to ucl: org.jboss.mx.loading.UnifiedClassLoader3@2fd1ed8d{ url=null ,addedOrder=2}
19:33:07,946 DEBUG [RepositoryClassLoader] Added url: file:/F:/eclipse_workspace_4.4/ejb21-jboss422-snippets/ejb21-jboss422-snippets-client/server/jboss-4.2.2.GA/server/default/lib/jbossws-jboss42.jar, to ucl: org.jboss.mx.loading.UnifiedClassLoader3@2fd1ed8d{ url=null ,addedOrder=2}
19:33:07,948 DEBUG [RepositoryClassLoader] Added url: file:/F:/eclipse_workspace_4.4/ejb21-jboss422-snippets/ejb21-jboss422-snippets-client/server/jboss-4.2.2.GA/server/default/lib/jbossws-spi.jar, to ucl: org.jboss.mx.loading.UnifiedClassLoader3@2fd1ed8d{ url=null ,addedOrder=2}
19:33:07,950 DEBUG [RepositoryClassLoader] Added url: file:/F:/eclipse_workspace_4.4/ejb21-jboss422-snippets/ejb21-jboss422-snippets-client/server/jboss-4.2.2.GA/server/default/lib/jmx-adaptor-plugin.jar, to ucl: org.jboss.mx.loading.UnifiedClassLoader3@2fd1ed8d{ url=null ,addedOrder=2}
19:33:07,951 DEBUG [RepositoryClassLoader] Added url: file:/F:/eclipse_workspace_4.4/ejb21-jboss422-snippets/ejb21-jboss422-snippets-client/server/jboss-4.2.2.GA/server/default/lib/jnpserver.jar, to ucl: org.jboss.mx.loading.UnifiedClassLoader3@2fd1ed8d{ url=null ,addedOrder=2}
19:33:07,953 DEBUG [RepositoryClassLoader] Added url: file:/F:/eclipse_workspace_4.4/ejb21-jboss422-snippets/ejb21-jboss422-snippets-client/server/jboss-4.2.2.GA/server/default/lib/joesnmp.jar, to ucl: org.jboss.mx.loading.UnifiedClassLoader3@2fd1ed8d{ url=null ,addedOrder=2}
19:33:07,954 DEBUG [RepositoryClassLoader] Added url: file:/F:/eclipse_workspace_4.4/ejb21-jboss422-snippets/ejb21-jboss422-snippets-client/server/jboss-4.2.2.GA/server/default/lib/jpl-pattern.jar, to ucl: org.jboss.mx.loading.UnifiedClassLoader3@2fd1ed8d{ url=null ,addedOrder=2}
19:33:07,955 DEBUG [RepositoryClassLoader] Added url: file:/F:/eclipse_workspace_4.4/ejb21-jboss422-snippets/ejb21-jboss422-snippets-client/server/jboss-4.2.2.GA/server/default/lib/jpl-util.jar, to ucl: org.jboss.mx.loading.UnifiedClassLoader3@2fd1ed8d{ url=null ,addedOrder=2}
19:33:07,957 DEBUG [RepositoryClassLoader] Added url: file:/F:/eclipse_workspace_4.4/ejb21-jboss422-snippets/ejb21-jboss422-snippets-client/server/jboss-4.2.2.GA/server/default/lib/jsp-api.jar, to ucl: org.jboss.mx.loading.UnifiedClassLoader3@2fd1ed8d{ url=null ,addedOrder=2}
19:33:07,958 DEBUG [RepositoryClassLoader] Added url: file:/F:/eclipse_workspace_4.4/ejb21-jboss422-snippets/ejb21-jboss422-snippets-client/server/jboss-4.2.2.GA/server/default/lib/log4j-snmp-appender.jar, to ucl: org.jboss.mx.loading.UnifiedClassLoader3@2fd1ed8d{ url=null ,addedOrder=2}
19:33:07,968 DEBUG [RepositoryClassLoader] Added url: file:/F:/eclipse_workspace_4.4/ejb21-jboss422-snippets/ejb21-jboss422-snippets-client/server/jboss-4.2.2.GA/server/default/lib/log4j.jar, to ucl: org.jboss.mx.loading.UnifiedClassLoader3@2fd1ed8d{ url=null ,addedOrder=2}
19:33:07,968 DEBUG [RepositoryClassLoader] Added url: file:/F:/eclipse_workspace_4.4/ejb21-jboss422-snippets/ejb21-jboss422-snippets-client/server/jboss-4.2.2.GA/server/default/lib/mail-plugin.jar, to ucl: org.jboss.mx.loading.UnifiedClassLoader3@2fd1ed8d{ url=null ,addedOrder=2}
19:33:07,978 DEBUG [RepositoryClassLoader] Added url: file:/F:/eclipse_workspace_4.4/ejb21-jboss422-snippets/ejb21-jboss422-snippets-client/server/jboss-4.2.2.GA/server/default/lib/mail.jar, to ucl: org.jboss.mx.loading.UnifiedClassLoader3@2fd1ed8d{ url=null ,addedOrder=2}
19:33:07,979 DEBUG [RepositoryClassLoader] Added url: file:/F:/eclipse_workspace_4.4/ejb21-jboss422-snippets/ejb21-jboss422-snippets-client/server/jboss-4.2.2.GA/server/default/lib/properties-plugin.jar, to ucl: org.jboss.mx.loading.UnifiedClassLoader3@2fd1ed8d{ url=null ,addedOrder=2}
19:33:07,989 DEBUG [RepositoryClassLoader] Added url: file:/F:/eclipse_workspace_4.4/ejb21-jboss422-snippets/ejb21-jboss422-snippets-client/server/jboss-4.2.2.GA/server/default/lib/quartz.jar, to ucl: org.jboss.mx.loading.UnifiedClassLoader3@2fd1ed8d{ url=null ,addedOrder=2}
19:33:07,989 DEBUG [RepositoryClassLoader] Added url: file:/F:/eclipse_workspace_4.4/ejb21-jboss422-snippets/ejb21-jboss422-snippets-client/server/jboss-4.2.2.GA/server/default/lib/scheduler-plugin-example.jar, to ucl: org.jboss.mx.loading.UnifiedClassLoader3@2fd1ed8d{ url=null ,addedOrder=2}
19:33:07,990 DEBUG [RepositoryClassLoader] Added url: file:/F:/eclipse_workspace_4.4/ejb21-jboss422-snippets/ejb21-jboss422-snippets-client/server/jboss-4.2.2.GA/server/default/lib/scheduler-plugin.jar, to ucl: org.jboss.mx.loading.UnifiedClassLoader3@2fd1ed8d{ url=null ,addedOrder=2}
19:33:07,993 DEBUG [RepositoryClassLoader] Added url: file:/F:/eclipse_workspace_4.4/ejb21-jboss422-snippets/ejb21-jboss422-snippets-client/server/jboss-4.2.2.GA/server/default/lib/servlet-api.jar, to ucl: org.jboss.mx.loading.UnifiedClassLoader3@2fd1ed8d{ url=null ,addedOrder=2}
19:33:07,993 DEBUG [RepositoryClassLoader] Added url: file:/F:/eclipse_workspace_4.4/ejb21-jboss422-snippets/ejb21-jboss422-snippets-client/server/jboss-4.2.2.GA/server/default/lib/xmlentitymgr.jar, to ucl: org.jboss.mx.loading.UnifiedClassLoader3@2fd1ed8d{ url=null ,addedOrder=2}
19:33:07,994 DEBUG [MainDeployer] found 0 subpackages of file:/F:/eclipse_workspace_4.4/ejb21-jboss422-snippets/ejb21-jboss422-snippets-client/server/jboss-4.2.2.GA/server/default/conf/jboss-service.xml
19:33:07,994 DEBUG [MainDeployer] Watching new file: file:/F:/eclipse_workspace_4.4/ejb21-jboss422-snippets/ejb21-jboss422-snippets-client/server/jboss-4.2.2.GA/server/default/conf/jboss-service.xml
19:33:07,994 DEBUG [MainDeployer] create step for deployment file:/F:/eclipse_workspace_4.4/ejb21-jboss422-snippets/ejb21-jboss422-snippets-client/server/jboss-4.2.2.GA/server/default/conf/jboss-service.xml
19:33:07,994 DEBUG [SARDeployer] Deploying SAR, create step: url file:/F:/eclipse_workspace_4.4/ejb21-jboss422-snippets/ejb21-jboss422-snippets-client/server/jboss-4.2.2.GA/server/default/conf/jboss-service.xml
19:33:07,994 DEBUG [SARDeployer] Registering service UCL=jmx.loading:UCL=2fd1ed8d
19:33:07,996 DEBUG [ServiceCreator] About to create bean: jboss.management.local:j2eeType=J2EEDomain,name=Manager with code: org.jboss.management.j2ee.LocalJBossServerDomain
19:33:08,027 DEBUG [ServiceCreator] Created bean: jboss.management.local:j2eeType=J2EEDomain,name=Manager
19:33:08,028 DEBUG [ServiceConfigurator] MainDeployer set to jboss.system:service=MainDeployer in jboss.management.local:j2eeType=J2EEDomain,name=Manager
19:33:08,029 DEBUG [ServiceConfigurator] SARDeployer set to jboss.system:service=ServiceDeployer in jboss.management.local:j2eeType=J2EEDomain,name=Manager
19:33:08,029 DEBUG [ServiceConfigurator] EARDeployer set to jboss.j2ee:service=EARDeployer in jboss.management.local:j2eeType=J2EEDomain,name=Manager
19:33:08,029 DEBUG [ServiceConfigurator] EJBDeployer set to jboss.ejb:service=EJBDeployer in jboss.management.local:j2eeType=J2EEDomain,name=Manager
19:33:08,029 DEBUG [ServiceConfigurator] RARDeployer set to jboss.jca:service=RARDeployer in jboss.management.local:j2eeType=J2EEDomain,name=Manager
19:33:08,030 DEBUG [ServiceConfigurator] CMDeployer set to jboss.jca:service=ConnectionFactoryDeployer in jboss.management.local:j2eeType=J2EEDomain,name=Manager
19:33:08,030 DEBUG [ServiceConfigurator] WARDeployer set to jboss.web:service=WebServer in jboss.management.local:j2eeType=J2EEDomain,name=Manager
19:33:08,030 DEBUG [ServiceConfigurator] CARDeployer set to jboss.j2ee:service=ClientDeployer in jboss.management.local:j2eeType=J2EEDomain,name=Manager
19:33:08,031 DEBUG [ServiceConfigurator] MailService set to jboss:service=Mail in jboss.management.local:j2eeType=J2EEDomain,name=Manager
19:33:08,031 DEBUG [ServiceConfigurator] JMSService set to jboss.mq:service=DestinationManager in jboss.management.local:j2eeType=J2EEDomain,name=Manager
19:33:08,031 DEBUG [ServiceConfigurator] JNDIService set to jboss:service=Naming in jboss.management.local:j2eeType=J2EEDomain,name=Manager
19:33:08,031 DEBUG [ServiceConfigurator] JTAService set to jboss:service=TransactionManager in jboss.management.local:j2eeType=J2EEDomain,name=Manager
19:33:08,032 DEBUG [ServiceConfigurator] UserTransactionService set to jboss:service=ClientUserTransaction in jboss.management.local:j2eeType=J2EEDomain,name=Manager
19:33:08,032 DEBUG [ServiceConfigurator] RMI_IIOPService set to jboss:service=CorbaORB in jboss.management.local:j2eeType=J2EEDomain,name=Manager
19:33:08,032 DEBUG [ServiceCreator] About to create xmbean object: jboss:service=AttributePersistenceService with code: org.jboss.system.pm.AttributePersistenceService with descriptor: resource:xmdesc/AttributePersistenceService-xmbean.xml
19:33:08,068 DEBUG [ModelMBeanInvoker] Loaded persistence mgr: org.jboss.mx.persistence.ObjectStreamPersistenceManager
19:33:08,068 DEBUG [ObjectStreamPersistenceManager] load, resource:org.jboss.system.pm.AttributePersistenceService@45075418
19:33:08,068 DEBUG [ObjectStreamPersistenceManager] Store file is: F:\eclipse_workspace_4.4\ejb21-jboss422-snippets\ejb21-jboss422-snippets-client\server\jboss-4.2.2.GA\server\default\data\xmbean-attrs\AttributePersistenceService.ser
19:33:08,069 DEBUG [ServiceCreator] Created bean: jboss:service=AttributePersistenceService
19:33:08,069 DEBUG [ServiceCreator] About to create bean: jboss.system:service=ThreadPool with code: org.jboss.util.threadpool.BasicThreadPool
19:33:08,082 DEBUG [ServiceCreator] Created bean: jboss.system:service=ThreadPool
19:33:08,082 DEBUG [ServiceConfigurator] Name set to JBoss System Threads in jboss.system:service=ThreadPool
19:33:08,082 DEBUG [ServiceConfigurator] ThreadGroupName set to System Threads in jboss.system:service=ThreadPool
19:33:08,083 DEBUG [ServiceConfigurator] KeepAliveTime set to 60000 in jboss.system:service=ThreadPool
19:33:08,083 DEBUG [ServiceConfigurator] MaximumPoolSize set to 10 in jboss.system:service=ThreadPool
19:33:08,083 DEBUG [ServiceConfigurator] MaximumQueueSize set to 1000 in jboss.system:service=ThreadPool
19:33:08,084 DEBUG [ServiceConfigurator] BlockingMode set to run in jboss.system:service=ThreadPool
19:33:08,084 DEBUG [ServiceCreator] About to create xmbean object: jboss.system:type=Log4jService,service=Logging with code: org.jboss.logging.Log4jService with descriptor: resource:xmdesc/Log4jService-xmbean.xml
19:33:08,153 DEBUG [ServiceCreator] Created bean: jboss.system:type=Log4jService,service=Logging
19:33:08,153 DEBUG [ServiceConfigurator] ConfigurationURL set to resource:jboss-log4j.xml in jboss.system:type=Log4jService,service=Logging
19:33:08,154 DEBUG [ServiceConfigurator] Log4jQuietMode set to true in jboss.system:type=Log4jService,service=Logging
19:33:08,154 DEBUG [ServiceConfigurator] RefreshPeriod set to 60 in jboss.system:type=Log4jService,service=Logging
19:33:08,154 DEBUG [ServiceCreator] About to create bean: jboss.rmi:type=RMIClassLoader with code: org.jboss.util.property.jmx.SystemPropertyClassValue
19:33:08,156 DEBUG [ServiceCreator] Created bean: jboss.rmi:type=RMIClassLoader
19:33:08,156 DEBUG [ServiceConfigurator] Property set to java.rmi.server.RMIClassLoaderSpi in jboss.rmi:type=RMIClassLoader
19:33:08,156 DEBUG [ServiceConfigurator] ClassName set to org.jboss.system.JBossRMIClassLoader in jboss.rmi:type=RMIClassLoader
19:33:08,156 DEBUG [ServiceCreator] About to create bean: jboss:service=WebService with code: org.jboss.web.WebService
19:33:08,161 DEBUG [ServiceCreator] Created bean: jboss:service=WebService
19:33:08,161 DEBUG [ServiceConfigurator] BindAddress set to 127.0.0.1 in jboss:service=WebService
19:33:08,162 DEBUG [ServiceConfigurator] Port set to 8083 in jboss:service=WebService
19:33:08,162 DEBUG [ServiceConfigurator] Host set to 127.0.0.1 in jboss:service=WebService
19:33:08,162 DEBUG [ServiceConfigurator] DownloadServerClasses set to true in jboss:service=WebService
19:33:08,162 DEBUG [ServiceConfigurator] DownloadResources set to false in jboss:service=WebService
19:33:08,163 DEBUG [ServiceController] recording that jboss:service=WebService depends on jboss.system:service=ThreadPool
19:33:08,163 DEBUG [ServiceConfigurator] considering ThreadPool with object name jboss.system:service=ThreadPool
19:33:08,165 DEBUG [ServiceCreator] About to create xmbean object: jboss:service=NamingBeanImpl with code: org.jnp.server.NamingBeanImpl with descriptor: resource:xmdesc/NamingBean-xmbean.xml
19:33:08,172 DEBUG [ServiceCreator] Created bean: jboss:service=NamingBeanImpl
19:33:08,172 DEBUG [ServiceCreator] About to create xmbean object: jboss:service=Naming with code: org.jboss.naming.NamingService with descriptor: resource:xmdesc/NamingService-xmbean.xml
19:33:08,187 DEBUG [ModelMBeanInvoker] Ignoring obsolete legacy interceptor: org.jboss.mx.interceptor.PersistenceInterceptor2
19:33:08,187 DEBUG [ModelMBeanInvoker] Ignoring obsolete legacy interceptor: org.jboss.mx.interceptor.ModelMBeanInterceptor
19:33:08,187 DEBUG [ModelMBeanInvoker] Ignoring obsolete legacy interceptor: org.jboss.mx.interceptor.ObjectReferenceInterceptor
19:33:08,188 DEBUG [ServiceCreator] Created bean: jboss:service=Naming
19:33:08,188 DEBUG [ServiceConfigurator] CallByValue set to false in jboss:service=Naming
19:33:08,188 DEBUG [ServiceConfigurator] Port set to 1099 in jboss:service=Naming
19:33:08,189 DEBUG [ServiceConfigurator] BindAddress set to 127.0.0.1 in jboss:service=Naming
19:33:08,189 DEBUG [ServiceConfigurator] RmiPort set to 1098 in jboss:service=Naming
19:33:08,189 DEBUG [ServiceConfigurator] RmiBindAddress set to 127.0.0.1 in jboss:service=Naming
19:33:08,189 DEBUG [ServiceController] recording that jboss:service=Naming depends on jboss.system:service=ThreadPool
19:33:08,189 DEBUG [ServiceConfigurator] considering LookupPool with object name jboss.system:service=ThreadPool
19:33:08,195 DEBUG [ServiceController] recording that jboss:service=Naming depends on jboss:service=NamingBeanImpl
19:33:08,195 DEBUG [ServiceConfigurator] considering Naming with object name jboss:service=NamingBeanImpl
19:33:08,197 DEBUG [ServiceCreator] About to create xmbean object: jboss:service=JNDIView with code: org.jboss.naming.JNDIView with descriptor: resource:xmdesc/JNDIView-xmbean.xml
19:33:08,205 DEBUG [ServiceCreator] Created bean: jboss:service=JNDIView
19:33:08,206 DEBUG [ServiceConfigurator] HANamingService set to jboss:service=HAJNDI in jboss:service=JNDIView
19:33:08,206 DEBUG [ServiceCreator] About to create bean: jboss.security:service=SecurityConfig with code: org.jboss.security.plugins.SecurityConfig
19:33:08,208 DEBUG [ServiceCreator] Created bean: jboss.security:service=SecurityConfig
19:33:08,209 DEBUG [ServiceConfigurator] LoginConfig set to jboss.security:service=XMLLoginConfig in jboss.security:service=SecurityConfig
19:33:08,209 DEBUG [ServiceCreator] About to create bean: jboss.security:service=XMLLoginConfig with code: org.jboss.security.auth.login.XMLLoginConfig
19:33:08,214 DEBUG [ServiceCreator] Created bean: jboss.security:service=XMLLoginConfig
19:33:08,214 DEBUG [ServiceConfigurator] ConfigResource set to login-config.xml in jboss.security:service=XMLLoginConfig
19:33:08,215 DEBUG [ServiceCreator] About to create bean: jboss.security:service=JaasSecurityManager with code: org.jboss.security.plugins.JaasSecurityManagerService
19:33:08,224 DEBUG [ServiceCreator] Created bean: jboss.security:service=JaasSecurityManager
19:33:08,224 DEBUG [ServiceConfigurator] ServerMode set to true in jboss.security:service=JaasSecurityManager
19:33:08,224 DEBUG [ServiceConfigurator] SecurityManagerClassName set to org.jboss.security.plugins.JaasSecurityManager in jboss.security:service=JaasSecurityManager
19:33:08,224 DEBUG [ServiceConfigurator] DefaultUnauthenticatedPrincipal set to anonymous in jboss.security:service=JaasSecurityManager
19:33:08,224 DEBUG [ServiceConfigurator] DefaultCacheTimeout set to 1800 in jboss.security:service=JaasSecurityManager
19:33:08,225 DEBUG [ServiceConfigurator] DefaultCacheResolution set to 60 in jboss.security:service=JaasSecurityManager
19:33:08,225 DEBUG [ServiceConfigurator] DeepCopySubjectMode set to false in jboss.security:service=JaasSecurityManager
19:33:08,225 DEBUG [JaasSecurityManagerService] setDeepCopySubjectMode=false
19:33:08,225 DEBUG [ServiceCreator] About to create bean: jboss:service=XidFactory with code: org.jboss.tm.XidFactory
19:33:08,229 DEBUG [ServiceCreator] Created bean: jboss:service=XidFactory
19:33:08,229 DEBUG [ServiceCreator] About to create bean: jboss:service=TransactionManager with code: com.arjuna.ats.jbossatx.jta.TransactionManagerService
19:33:08,259 DEBUG [ServiceCreator] Created bean: jboss:service=TransactionManager
19:33:08,259 DEBUG [ServiceConfigurator] TransactionTimeout set to 300 in jboss:service=TransactionManager
19:33:08,260 DEBUG [ServiceConfigurator] ObjectStoreDir set to F:\eclipse_workspace_4.4\ejb21-jboss422-snippets\ejb21-jboss422-snippets-client\server\jboss-4.2.2.GA\server\default\data/tx-object-store in jboss:service=TransactionManager
19:33:08,261 DEBUG [ServiceCreator] About to create xmbean object: jboss:service=ClientUserTransaction with code: org.jboss.tm.usertx.server.ClientUserTransactionService with descriptor: resource:xmdesc/ClientUserTransaction-xmbean.xml
19:33:08,278 DEBUG [ServiceCreator] Created bean: jboss:service=ClientUserTransaction
19:33:08,279 DEBUG [ServiceCreator] About to create bean: jboss:service=proxyFactory,target=ClientUserTransactionFactory with code: org.jboss.invocation.jrmp.server.JRMPProxyFactory
19:33:08,282 DEBUG [ServiceCreator] Created bean: jboss:service=proxyFactory,target=ClientUserTransactionFactory
19:33:08,282 DEBUG [ServiceConfigurator] InvokerName set to jboss:service=invoker,type=jrmp in jboss:service=proxyFactory,target=ClientUserTransactionFactory
19:33:08,283 DEBUG [ServiceConfigurator] TargetName set to jboss:service=ClientUserTransaction in jboss:service=proxyFactory,target=ClientUserTransactionFactory
19:33:08,283 DEBUG [ServiceConfigurator] JndiName set to UserTransactionSessionFactory in jboss:service=proxyFactory,target=ClientUserTransactionFactory
19:33:08,284 DEBUG [ServiceConfigurator] ExportedInterface set to interface org.jboss.tm.usertx.interfaces.UserTransactionSessionFactory in jboss:service=proxyFactory,target=ClientUserTransactionFactory
19:33:08,348 DEBUG [ServiceConfigurator] ClientInterceptors set to [interceptors: null] in jboss:service=proxyFactory,target=ClientUserTransactionFactory
19:33:08,350 DEBUG [JRMPProxyFactory] added interceptor type: class org.jboss.proxy.ClientMethodInterceptor
19:33:08,350 DEBUG [JRMPProxyFactory] added interceptor type: class org.jboss.invocation.InvokerInterceptor
19:33:08,350 DEBUG [ServiceController] recording that jboss:service=proxyFactory,target=ClientUserTransactionFactory depends on jboss:service=invoker,type=jrmp
19:33:08,350 DEBUG [ServiceConfigurator] considering <anonymous> with object name jboss:service=invoker,type=jrmp
19:33:08,350 DEBUG [ServiceController] recording that jboss:service=ClientUserTransaction depends on jboss:service=proxyFactory,target=ClientUserTransactionFactory
19:33:08,350 DEBUG [ServiceConfigurator] considering <anonymous> with object name jboss:service=proxyFactory,target=ClientUserTransactionFactory
19:33:08,350 DEBUG [ServiceCreator] About to create bean: jboss:service=proxyFactory,target=ClientUserTransaction with code: org.jboss.invocation.jrmp.server.JRMPProxyFactory
19:33:08,351 DEBUG [ServiceCreator] Created bean: jboss:service=proxyFactory,target=ClientUserTransaction
19:33:08,351 DEBUG [ServiceConfigurator] InvokerName set to jboss:service=invoker,type=jrmp in jboss:service=proxyFactory,target=ClientUserTransaction
19:33:08,352 DEBUG [ServiceConfigurator] TargetName set to jboss:service=ClientUserTransaction in jboss:service=proxyFactory,target=ClientUserTransaction
19:33:08,352 DEBUG [ServiceConfigurator] ExportedInterface set to interface org.jboss.tm.usertx.interfaces.UserTransactionSession in jboss:service=proxyFactory,target=ClientUserTransaction
19:33:08,354 DEBUG [ServiceConfigurator] ClientInterceptors set to [interceptors: null] in jboss:service=proxyFactory,target=ClientUserTransaction
19:33:08,354 DEBUG [JRMPProxyFactory] added interceptor type: class org.jboss.proxy.ClientMethodInterceptor
19:33:08,354 DEBUG [JRMPProxyFactory] added interceptor type: class org.jboss.invocation.InvokerInterceptor
19:33:08,354 DEBUG [ServiceController] recording that jboss:service=proxyFactory,target=ClientUserTransaction depends on jboss:service=invoker,type=jrmp
19:33:08,354 DEBUG [ServiceConfigurator] considering <anonymous> with object name jboss:service=invoker,type=jrmp
19:33:08,354 DEBUG [ServiceController] recording that jboss:service=ClientUserTransaction depends on jboss:service=proxyFactory,target=ClientUserTransaction
19:33:08,354 DEBUG [ServiceConfigurator] considering TxProxyName with object name jboss:service=proxyFactory,target=ClientUserTransaction
19:33:08,354 DEBUG [ServiceCreator] About to create bean: jboss:service=invoker,type=unified with code: org.jboss.invocation.unified.server.UnifiedInvoker
19:33:08,360 DEBUG [ServiceCreator] Created bean: jboss:service=invoker,type=unified
19:33:08,360 DEBUG [ServiceController] recording that jboss:service=invoker,type=unified depends on jboss:service=TransactionManager
19:33:08,360 DEBUG [ServiceConfigurator] considering <anonymous> with object name jboss:service=TransactionManager
19:33:08,360 DEBUG [ServiceController] recording that jboss:service=invoker,type=unified depends on jboss.remoting:service=Connector,transport=socket
19:33:08,360 DEBUG [ServiceConfigurator] considering <anonymous> with object name jboss.remoting:service=Connector,transport=socket
19:33:08,360 DEBUG [ServiceCreator] About to create bean: jboss:service=invoker,type=jrmp with code: org.jboss.invocation.jrmp.server.JRMPInvoker
19:33:08,366 DEBUG [ServiceCreator] Created bean: jboss:service=invoker,type=jrmp
19:33:08,366 DEBUG [ServiceConfigurator] RMIObjectPort set to 4444 in jboss:service=invoker,type=jrmp
19:33:08,367 DEBUG [ServiceConfigurator] ServerAddress set to 127.0.0.1 in jboss:service=invoker,type=jrmp
19:33:08,367 DEBUG [ServiceController] recording that jboss:service=invoker,type=jrmp depends on jboss:service=TransactionManager
19:33:08,367 DEBUG [ServiceConfigurator] considering <anonymous> with object name jboss:service=TransactionManager
19:33:08,367 DEBUG [ServiceCreator] About to create bean: jboss:service=invoker,type=local with code: org.jboss.invocation.local.LocalInvoker
19:33:08,369 DEBUG [ServiceCreator] Created bean: jboss:service=invoker,type=local
19:33:08,369 DEBUG [ServiceController] recording that jboss:service=invoker,type=local depends on jboss:service=TransactionManager
19:33:08,369 DEBUG [ServiceConfigurator] considering <anonymous> with object name jboss:service=TransactionManager
19:33:08,370 DEBUG [ServiceCreator] About to create bean: jboss:service=invoker,type=pooled with code: org.jboss.invocation.pooled.server.PooledInvoker
19:33:08,375 DEBUG [ServiceCreator] Created bean: jboss:service=invoker,type=pooled
19:33:08,375 DEBUG [ServiceConfigurator] NumAcceptThreads set to 1 in jboss:service=invoker,type=pooled
19:33:08,375 DEBUG [ServiceConfigurator] MaxPoolSize set to 300 in jboss:service=invoker,type=pooled
19:33:08,375 DEBUG [ServiceConfigurator] ClientMaxPoolSize set to 300 in jboss:service=invoker,type=pooled
19:33:08,375 DEBUG [ServiceConfigurator] SocketTimeout set to 60000 in jboss:service=invoker,type=pooled
19:33:08,375 DEBUG [ServiceConfigurator] ServerBindAddress set to 127.0.0.1 in jboss:service=invoker,type=pooled
19:33:08,375 DEBUG [ServiceConfigurator] ServerBindPort set to 4445 in jboss:service=invoker,type=pooled
19:33:08,376 DEBUG [ServiceConfigurator] ClientConnectAddress set to 127.0.0.1 in jboss:service=invoker,type=pooled
19:33:08,376 DEBUG [ServiceConfigurator] ClientConnectPort set to 0 in jboss:service=invoker,type=pooled
19:33:08,376 DEBUG [ServiceConfigurator] ClientRetryCount set to 1 in jboss:service=invoker,type=pooled
19:33:08,376 DEBUG [ServiceConfigurator] EnableTcpNoDelay set to false in jboss:service=invoker,type=pooled
19:33:08,376 DEBUG [ServiceController] recording that jboss:service=invoker,type=pooled depends on jboss:service=TransactionManager
19:33:08,376 DEBUG [ServiceConfigurator] considering TransactionManagerService with object name jboss:service=TransactionManager
19:33:08,376 DEBUG [ServiceCreator] About to create bean: jboss.remoting:service=NetworkRegistry with code: org.jboss.remoting.network.NetworkRegistry
19:33:08,381 DEBUG [ServiceCreator] Created bean: jboss.remoting:service=NetworkRegistry
19:33:08,381 DEBUG [ServiceCreator] About to create bean: jboss.remoting:service=Connector,transport=socket with code: org.jboss.remoting.transport.Connector
19:33:08,384 DEBUG [ServiceCreator] Created bean: jboss.remoting:service=Connector,transport=socket
19:33:08,387 DEBUG [ServiceConfigurator] Configuration set to [config: null] in jboss.remoting:service=Connector,transport=socket
19:33:08,387 DEBUG [ServiceController] recording that jboss.remoting:service=Connector,transport=socket depends on jboss.remoting:service=NetworkRegistry
19:33:08,387 DEBUG [ServiceConfigurator] considering <anonymous> with object name jboss.remoting:service=NetworkRegistry
19:33:08,387 DEBUG [ServiceCreator] About to create bean: jboss.jdbc:service=metadata with code: org.jboss.ejb.plugins.cmp.jdbc.metadata.MetaDataLibrary
19:33:08,389 DEBUG [ServiceCreator] Created bean: jboss.jdbc:service=metadata
19:33:08,389 DEBUG [ServiceCreator] About to create bean: jboss.deployment:type=DeploymentScanner,flavor=URL with code: org.jboss.deployment.scanner.URLDeploymentScanner
19:33:08,393 DEBUG [ServiceCreator] Created bean: jboss.deployment:type=DeploymentScanner,flavor=URL
19:33:08,393 DEBUG [ServiceController] recording that jboss.deployment:type=DeploymentScanner,flavor=URL depends on jboss.system:service=MainDeployer
19:33:08,393 DEBUG [ServiceConfigurator] considering Deployer with object name jboss.system:service=MainDeployer
19:33:08,394 DEBUG [ServiceConfigurator] URLComparator set to org.jboss.deployment.DeploymentSorter in jboss.deployment:type=DeploymentScanner,flavor=URL
19:33:08,397 DEBUG [ServiceConfigurator] FilterInstance set to org.jboss.deployment.scanner.DeploymentFilter@5f231dbe in jboss.deployment:type=DeploymentScanner,flavor=URL
19:33:08,397 DEBUG [ServiceConfigurator] ScanPeriod set to 5000 in jboss.deployment:type=DeploymentScanner,flavor=URL
19:33:08,397 DEBUG [ServiceConfigurator] ScanEnabled set to true in jboss.deployment:type=DeploymentScanner,flavor=URL
19:33:08,398 DEBUG [ServiceConfigurator] URLs set to deploy/ in jboss.deployment:type=DeploymentScanner,flavor=URL
19:33:08,398 DEBUG [URLDeploymentScanner] Adding URL from spec: deploy/
19:33:08,398 DEBUG [URLDeploymentScanner] URL: file:/F:/eclipse_workspace_4.4/ejb21-jboss422-snippets/ejb21-jboss422-snippets-client/server/jboss-4.2.2.GA/server/default/deploy/
19:33:08,398 DEBUG [URLDeploymentScanner] Added url: file:/F:/eclipse_workspace_4.4/ejb21-jboss422-snippets/ejb21-jboss422-snippets-client/server/jboss-4.2.2.GA/server/default/deploy/
19:33:08,398 DEBUG [URLDeploymentScanner] URL list: [file:/F:/eclipse_workspace_4.4/ejb21-jboss422-snippets/ejb21-jboss422-snippets-client/server/jboss-4.2.2.GA/server/default/deploy/]
19:33:08,398 DEBUG [ServiceConfigurator] RecursiveSearch set to true in jboss.deployment:type=DeploymentScanner,flavor=URL
19:33:08,398 DEBUG [ServiceController] Creating service jboss.management.local:j2eeType=J2EEDomain,name=Manager
19:33:08,398 DEBUG [LocalJBossServerDomain] Creating jboss.management.local:j2eeType=J2EEDomain,name=Manager
19:33:08,398 DEBUG [LocalJBossServerDomain] setupJ2EEMBeans(), create J2EEServer instance
19:33:08,401 DEBUG [J2EEDomain] ctor, name: jboss.management.local:name=jboss.management.local,j2eeType=J2EEDomain
19:33:08,403 DEBUG [J2EEDomain] postRegister(), parent: null
19:33:08,404 DEBUG [J2EEServer] postRegister(), parent: jboss.management.local:j2eeType=J2EEDomain,name=jboss.management.local
19:33:08,411 DEBUG [JVM] postRegister(), parent: jboss.management.local:j2eeType=J2EEServer,name=Local
19:33:08,415 DEBUG [LocalJBossServerDomain] Registered as listener of: jboss.system:service=ServiceController
19:33:08,421 DEBUG [LocalJBossServerDomain] Registering with all deployers, mainDeployer=jboss.system:service=MainDeployer
19:33:08,421 DEBUG [LocalJBossServerDomain] Getting current deployers
19:33:08,421 DEBUG [LocalJBossServerDomain] Registering as listener of deployer: jboss.system:service=ServiceDeployer
19:33:08,421 DEBUG [LocalJBossServerDomain] Registering as listener of deployer: jboss.system:service=JARDeployer
19:33:08,421 DEBUG [LocalJBossServerDomain] Created jboss.management.local:j2eeType=J2EEDomain,name=Manager
19:33:08,421 DEBUG [LocalJBossServerDomain] handleNotification: javax.management.Notification[source=jboss.system:service=ServiceController][type=org.jboss.system.ServiceMBean.create][message=]
19:33:08,421 DEBUG [DefaultManagedObjectFactoryMap] Failed to find factory for event: javax.management.Notification[source=jboss.system:service=ServiceController][type=org.jboss.system.ServiceMBean.create][message=]
19:33:08,422 DEBUG [ServiceController] Creating dependent components for: jboss.management.local:j2eeType=J2EEDomain,name=Manager dependents are: []
19:33:08,422 DEBUG [ServiceController] Creating service jboss:service=AttributePersistenceService
19:33:08,422 DEBUG [AttributePersistenceService] Creating jboss:service=AttributePersistenceService
19:33:08,422 DEBUG [AttributePersistenceService] Created jboss:service=AttributePersistenceService
19:33:08,422 DEBUG [LocalJBossServerDomain] handleNotification: javax.management.Notification[source=jboss.system:service=ServiceController][type=org.jboss.system.ServiceMBean.create][message=]
19:33:08,422 DEBUG [DefaultManagedObjectFactoryMap] Failed to find factory for event: javax.management.Notification[source=jboss.system:service=ServiceController][type=org.jboss.system.ServiceMBean.create][message=]
19:33:08,422 DEBUG [ServiceController] Creating dependent components for: jboss:service=AttributePersistenceService dependents are: []
19:33:08,422 DEBUG [ServiceController] Creating service jboss.system:service=ThreadPool
19:33:08,422 DEBUG [LocalJBossServerDomain] handleNotification: javax.management.Notification[source=jboss.system:service=ServiceController][type=org.jboss.system.ServiceMBean.create][message=]
19:33:08,422 DEBUG [DefaultManagedObjectFactoryMap] Failed to find factory for event: javax.management.Notification[source=jboss.system:service=ServiceController][type=org.jboss.system.ServiceMBean.create][message=]
19:33:08,422 DEBUG [ServiceController] Creating dependent components for: jboss.system:service=ThreadPool dependents are: [ObjectName: jboss:service=WebService
  State: CONFIGURED
  I Depend On:
    jboss.system:service=ThreadPool
, ObjectName: jboss:service=Naming
  State: CONFIGURED
  I Depend On:
    jboss.system:service=ThreadPool
    jboss:service=NamingBeanImpl
]
19:33:08,422 DEBUG [ServiceController] Creating service jboss:service=WebService
19:33:08,422 DEBUG [WebService] Creating jboss:service=WebService
19:33:08,422 INFO  [WebService] Using RMI server codebase: http://127.0.0.1:8083/
19:33:08,423 DEBUG [WebService] Created jboss:service=WebService
19:33:08,423 DEBUG [LocalJBossServerDomain] handleNotification: javax.management.Notification[source=jboss.system:service=ServiceController][type=org.jboss.system.ServiceMBean.create][message=]
19:33:08,423 DEBUG [DefaultManagedObjectFactoryMap] Failed to find factory for event: javax.management.Notification[source=jboss.system:service=ServiceController][type=org.jboss.system.ServiceMBean.create][message=]
19:33:08,423 DEBUG [ServiceController] Creating dependent components for: jboss:service=WebService dependents are: []
19:33:08,423 DEBUG [ServiceController] Creating service jboss:service=Naming
19:33:08,423 DEBUG [ServiceController] waiting in create of jboss:service=Naming waiting on jboss:service=NamingBeanImpl
19:33:08,423 DEBUG [ServiceController] Creating service jboss.system:type=Log4jService,service=Logging
19:33:08,423 DEBUG [Log4jService] Creating jboss.system:type=Log4jService,service=Logging
19:33:08,423 INFO  [Log4jService$URLWatchTimerTask] Configuring from URL: resource:jboss-log4j.xml
